{"C:\\Users\\kkraus\\source\\repos\\adelantestory\\Cx-Innovation-Hub-IF-Baseline\\concept\\apps\\web\\src\\App.tsx": {"path":"C:\\Users\\kkraus\\source\\repos\\adelantestory\\Cx-Innovation-Hub-IF-Baseline\\concept\\apps\\web\\src\\App.tsx","statementMap":{"0":{"start":{"line":22,"column":36},"end":{"line":22,"column":null}},"1":{"start":{"line":23,"column":42},"end":{"line":23,"column":null}},"2":{"start":{"line":24,"column":22},"end":{"line":24,"column":null}},"3":{"start":{"line":27,"column":4},"end":{"line":27,"column":null}},"4":{"start":{"line":28,"column":4},"end":{"line":28,"column":null}},"5":{"start":{"line":32,"column":4},"end":{"line":32,"column":null}},"6":{"start":{"line":33,"column":4},"end":{"line":33,"column":null}},"7":{"start":{"line":34,"column":4},"end":{"line":34,"column":null}},"8":{"start":{"line":38,"column":4},"end":{"line":38,"column":null}},"9":{"start":{"line":39,"column":4},"end":{"line":39,"column":null}},"10":{"start":{"line":43,"column":4},"end":{"line":43,"column":null}},"11":{"start":{"line":44,"column":4},"end":{"line":44,"column":null}},"12":{"start":{"line":48,"column":4},"end":{"line":48,"column":null}},"13":{"start":{"line":49,"column":4},"end":{"line":49,"column":null}},"14":{"start":{"line":53,"column":2},"end":{"line":55,"column":null}},"15":{"start":{"line":54,"column":4},"end":{"line":54,"column":null}},"16":{"start":{"line":57,"column":2},"end":{"line":76,"column":null}}},"fnMap":{"0":{"name":"App","decl":{"start":{"line":21,"column":24},"end":{"line":21,"column":30}},"loc":{"start":{"line":21,"column":30},"end":{"line":78,"column":null}},"line":21},"1":{"name":"handleSelectUser","decl":{"start":{"line":26,"column":11},"end":{"line":26,"column":28}},"loc":{"start":{"line":26,"column":40},"end":{"line":29,"column":null}},"line":26},"2":{"name":"handleSwitchUser","decl":{"start":{"line":31,"column":11},"end":{"line":31,"column":30}},"loc":{"start":{"line":31,"column":30},"end":{"line":35,"column":null}},"line":31},"3":{"name":"handleSelectProject","decl":{"start":{"line":37,"column":11},"end":{"line":37,"column":31}},"loc":{"start":{"line":37,"column":49},"end":{"line":40,"column":null}},"line":37},"4":{"name":"handleNavigateHome","decl":{"start":{"line":42,"column":11},"end":{"line":42,"column":32}},"loc":{"start":{"line":42,"column":32},"end":{"line":45,"column":null}},"line":42},"5":{"name":"handleBackToProjects","decl":{"start":{"line":47,"column":11},"end":{"line":47,"column":34}},"loc":{"start":{"line":47,"column":34},"end":{"line":50,"column":null}},"line":47}},"branchMap":{"0":{"loc":{"start":{"line":53,"column":2},"end":{"line":55,"column":null}},"type":"if","locations":[{"start":{"line":53,"column":2},"end":{"line":55,"column":null}},{"start":{},"end":{}}],"line":53},"1":{"loc":{"start":{"line":53,"column":6},"end":{"line":53,"column":46}},"type":"binary-expr","locations":[{"start":{"line":53,"column":6},"end":{"line":53,"column":32}},{"start":{"line":53,"column":32},"end":{"line":53,"column":46}}],"line":53},"2":{"loc":{"start":{"line":65,"column":7},"end":{"line":66,"column":null}},"type":"binary-expr","locations":[{"start":{"line":65,"column":7},"end":{"line":65,"column":null}},{"start":{"line":66,"column":8},"end":{"line":66,"column":null}}],"line":65},"3":{"loc":{"start":{"line":69,"column":7},"end":{"line":74,"column":null}},"type":"binary-expr","locations":[{"start":{"line":69,"column":7},"end":{"line":69,"column":27}},{"start":{"line":69,"column":27},"end":{"line":69,"column":null}},{"start":{"line":70,"column":8},"end":{"line":74,"column":null}}],"line":69}},"s":{"0":11,"1":11,"2":11,"3":3,"4":3,"5":1,"6":1,"7":1,"8":2,"9":2,"10":0,"11":0,"12":1,"13":1,"14":11,"15":5,"16":6},"f":{"0":11,"1":3,"2":1,"3":2,"4":0,"5":1},"b":{"0":[5,6],"1":[11,6],"2":[6,4],"3":[11,2,2]},"meta":{"lastBranch":4,"lastFunction":6,"lastStatement":17,"seen":{"f:21:24:21:30":0,"s:22:36:22:Infinity":0,"s:23:42:23:Infinity":1,"s:24:22:24:Infinity":2,"f:26:11:26:28":1,"s:27:4:27:Infinity":3,"s:28:4:28:Infinity":4,"f:31:11:31:30":2,"s:32:4:32:Infinity":5,"s:33:4:33:Infinity":6,"s:34:4:34:Infinity":7,"f:37:11:37:31":3,"s:38:4:38:Infinity":8,"s:39:4:39:Infinity":9,"f:42:11:42:32":4,"s:43:4:43:Infinity":10,"s:44:4:44:Infinity":11,"f:47:11:47:34":5,"s:48:4:48:Infinity":12,"s:49:4:49:Infinity":13,"b:53:2:55:Infinity:undefined:undefined:undefined:undefined":0,"s:53:2:55:Infinity":14,"b:53:6:53:32:53:32:53:46":1,"s:54:4:54:Infinity":15,"s:57:2:76:Infinity":16,"b:65:7:65:Infinity:66:8:66:Infinity":2,"b:69:7:69:27:69:27:69:Infinity:70:8:74:Infinity":3}}}
,"C:\\Users\\kkraus\\source\\repos\\adelantestory\\Cx-Innovation-Hub-IF-Baseline\\concept\\apps\\web\\src\\main.tsx": {"path":"C:\\Users\\kkraus\\source\\repos\\adelantestory\\Cx-Innovation-Hub-IF-Baseline\\concept\\apps\\web\\src\\main.tsx","statementMap":{"0":{"start":{"line":6,"column":0},"end":{"line":10,"column":null}}},"fnMap":{},"branchMap":{},"s":{"0":0},"f":{},"b":{},"meta":{"lastBranch":0,"lastFunction":0,"lastStatement":1,"seen":{"s:6:0:10:Infinity":0}}}
,"C:\\Users\\kkraus\\source\\repos\\adelantestory\\Cx-Innovation-Hub-IF-Baseline\\concept\\apps\\web\\src\\api\\client.ts": {"path":"C:\\Users\\kkraus\\source\\repos\\adelantestory\\Cx-Innovation-Hub-IF-Baseline\\concept\\apps\\web\\src\\api\\client.ts","statementMap":{"0":{"start":{"line":11,"column":17},"end":{"line":11,"column":null}},"1":{"start":{"line":20,"column":14},"end":{"line":20,"column":null}},"2":{"start":{"line":21,"column":14},"end":{"line":27,"column":null}},"3":{"start":{"line":29,"column":2},"end":{"line":32,"column":null}},"4":{"start":{"line":30,"column":17},"end":{"line":30,"column":null}},"5":{"start":{"line":30,"column":47},"end":{"line":30,"column":86}},"6":{"start":{"line":31,"column":4},"end":{"line":31,"column":null}},"7":{"start":{"line":34,"column":2},"end":{"line":34,"column":null}},"8":{"start":{"line":42,"column":2},"end":{"line":42,"column":null}},"9":{"start":{"line":50,"column":2},"end":{"line":50,"column":null}},"10":{"start":{"line":54,"column":2},"end":{"line":54,"column":null}},"11":{"start":{"line":61,"column":2},"end":{"line":64,"column":null}},"12":{"start":{"line":72,"column":2},"end":{"line":72,"column":null}},"13":{"start":{"line":79,"column":2},"end":{"line":82,"column":null}},"14":{"start":{"line":89,"column":2},"end":{"line":92,"column":null}},"15":{"start":{"line":100,"column":2},"end":{"line":103,"column":null}},"16":{"start":{"line":110,"column":2},"end":{"line":113,"column":null}},"17":{"start":{"line":117,"column":2},"end":{"line":119,"column":null}},"18":{"start":{"line":127,"column":2},"end":{"line":127,"column":null}},"19":{"start":{"line":135,"column":2},"end":{"line":139,"column":null}},"20":{"start":{"line":147,"column":2},"end":{"line":151,"column":null}},"21":{"start":{"line":158,"column":2},"end":{"line":161,"column":null}}},"fnMap":{"0":{"name":"apiFetch","decl":{"start":{"line":16,"column":15},"end":{"line":16,"column":null}},"loc":{"start":{"line":19,"column":14},"end":{"line":35,"column":null}},"line":19},"1":{"name":"(anonymous_1)","decl":{"start":{"line":30,"column":40},"end":{"line":30,"column":47}},"loc":{"start":{"line":30,"column":47},"end":{"line":30,"column":86}},"line":30},"2":{"name":"fetchUsers","decl":{"start":{"line":41,"column":16},"end":{"line":41,"column":46}},"loc":{"start":{"line":41,"column":46},"end":{"line":43,"column":null}},"line":41},"3":{"name":"fetchProjects","decl":{"start":{"line":49,"column":16},"end":{"line":49,"column":52}},"loc":{"start":{"line":49,"column":52},"end":{"line":51,"column":null}},"line":49},"4":{"name":"fetchProject","decl":{"start":{"line":53,"column":16},"end":{"line":53,"column":29}},"loc":{"start":{"line":53,"column":59},"end":{"line":55,"column":null}},"line":53},"5":{"name":"createProject","decl":{"start":{"line":57,"column":16},"end":{"line":57,"column":30}},"loc":{"start":{"line":60,"column":21},"end":{"line":65,"column":null}},"line":60},"6":{"name":"fetchTasks","decl":{"start":{"line":71,"column":16},"end":{"line":71,"column":27}},"loc":{"start":{"line":71,"column":63},"end":{"line":73,"column":null}},"line":71},"7":{"name":"createTask","decl":{"start":{"line":75,"column":16},"end":{"line":75,"column":null}},"loc":{"start":{"line":78,"column":17},"end":{"line":83,"column":null}},"line":78},"8":{"name":"updateTask","decl":{"start":{"line":85,"column":16},"end":{"line":85,"column":null}},"loc":{"start":{"line":88,"column":17},"end":{"line":93,"column":null}},"line":88},"9":{"name":"updateTaskStatus","decl":{"start":{"line":95,"column":16},"end":{"line":95,"column":null}},"loc":{"start":{"line":99,"column":17},"end":{"line":104,"column":null}},"line":99},"10":{"name":"assignTask","decl":{"start":{"line":106,"column":16},"end":{"line":106,"column":null}},"loc":{"start":{"line":109,"column":17},"end":{"line":114,"column":null}},"line":109},"11":{"name":"deleteTask","decl":{"start":{"line":116,"column":16},"end":{"line":116,"column":27}},"loc":{"start":{"line":116,"column":81},"end":{"line":120,"column":null}},"line":116},"12":{"name":"fetchComments","decl":{"start":{"line":126,"column":16},"end":{"line":126,"column":30}},"loc":{"start":{"line":126,"column":66},"end":{"line":128,"column":null}},"line":126},"13":{"name":"createComment","decl":{"start":{"line":130,"column":16},"end":{"line":130,"column":null}},"loc":{"start":{"line":134,"column":20},"end":{"line":140,"column":null}},"line":134},"14":{"name":"updateComment","decl":{"start":{"line":142,"column":16},"end":{"line":142,"column":null}},"loc":{"start":{"line":146,"column":20},"end":{"line":152,"column":null}},"line":146},"15":{"name":"deleteComment","decl":{"start":{"line":154,"column":16},"end":{"line":154,"column":null}},"loc":{"start":{"line":157,"column":44},"end":{"line":162,"column":null}},"line":157}},"branchMap":{"0":{"loc":{"start":{"line":11,"column":17},"end":{"line":11,"column":null}},"type":"binary-expr","locations":[{"start":{"line":11,"column":17},"end":{"line":11,"column":49}},{"start":{"line":11,"column":49},"end":{"line":11,"column":null}}],"line":11},"1":{"loc":{"start":{"line":18,"column":2},"end":{"line":18,"column":null}},"type":"default-arg","locations":[{"start":{"line":18,"column":25},"end":{"line":18,"column":null}}],"line":18},"2":{"loc":{"start":{"line":29,"column":2},"end":{"line":32,"column":null}},"type":"if","locations":[{"start":{"line":29,"column":2},"end":{"line":32,"column":null}},{"start":{},"end":{}}],"line":29},"3":{"loc":{"start":{"line":31,"column":20},"end":{"line":31,"column":63}},"type":"binary-expr","locations":[{"start":{"line":31,"column":20},"end":{"line":31,"column":43}},{"start":{"line":31,"column":43},"end":{"line":31,"column":63}}],"line":31}},"s":{"0":1,"1":5,"2":5,"3":5,"4":2,"5":1,"6":2,"7":3,"8":1,"9":2,"10":0,"11":1,"12":0,"13":0,"14":0,"15":0,"16":0,"17":0,"18":0,"19":1,"20":0,"21":0},"f":{"0":5,"1":1,"2":1,"3":2,"4":0,"5":1,"6":0,"7":0,"8":0,"9":0,"10":0,"11":0,"12":0,"13":1,"14":0,"15":0},"b":{"0":[1,1],"1":[5],"2":[2,3],"3":[2,0]},"meta":{"lastBranch":4,"lastFunction":16,"lastStatement":22,"seen":{"s:11:17:11:Infinity":0,"b:11:17:11:49:11:49:11:Infinity":0,"f:16:15:16:Infinity":0,"b:18:25:18:Infinity":1,"s:20:14:20:Infinity":1,"s:21:14:27:Infinity":2,"b:29:2:32:Infinity:undefined:undefined:undefined:undefined":2,"s:29:2:32:Infinity":3,"s:30:17:30:Infinity":4,"f:30:40:30:47":1,"s:30:47:30:86":5,"s:31:4:31:Infinity":6,"b:31:20:31:43:31:43:31:63":3,"s:34:2:34:Infinity":7,"f:41:16:41:46":2,"s:42:2:42:Infinity":8,"f:49:16:49:52":3,"s:50:2:50:Infinity":9,"f:53:16:53:29":4,"s:54:2:54:Infinity":10,"f:57:16:57:30":5,"s:61:2:64:Infinity":11,"f:71:16:71:27":6,"s:72:2:72:Infinity":12,"f:75:16:75:Infinity":7,"s:79:2:82:Infinity":13,"f:85:16:85:Infinity":8,"s:89:2:92:Infinity":14,"f:95:16:95:Infinity":9,"s:100:2:103:Infinity":15,"f:106:16:106:Infinity":10,"s:110:2:113:Infinity":16,"f:116:16:116:27":11,"s:117:2:119:Infinity":17,"f:126:16:126:30":12,"s:127:2:127:Infinity":18,"f:130:16:130:Infinity":13,"s:135:2:139:Infinity":19,"f:142:16:142:Infinity":14,"s:147:2:151:Infinity":20,"f:154:16:154:Infinity":15,"s:158:2:161:Infinity":21}}}
,"C:\\Users\\kkraus\\source\\repos\\adelantestory\\Cx-Innovation-Hub-IF-Baseline\\concept\\apps\\web\\src\\api\\types.ts": {"path":"C:\\Users\\kkraus\\source\\repos\\adelantestory\\Cx-Innovation-Hub-IF-Baseline\\concept\\apps\\web\\src\\api\\types.ts","statementMap":{"0":{"start":{"line":53,"column":57},"end":{"line":58,"column":null}},"1":{"start":{"line":60,"column":44},"end":{"line":65,"column":null}}},"fnMap":{},"branchMap":{},"s":{"0":3,"1":3},"f":{},"b":{},"meta":{"lastBranch":0,"lastFunction":0,"lastStatement":2,"seen":{"s:53:57:58:Infinity":0,"s:60:44:65:Infinity":1}}}
,"C:\\Users\\kkraus\\source\\repos\\adelantestory\\Cx-Innovation-Hub-IF-Baseline\\concept\\apps\\web\\src\\components\\comments\\CommentForm.tsx": {"path":"C:\\Users\\kkraus\\source\\repos\\adelantestory\\Cx-Innovation-Hub-IF-Baseline\\concept\\apps\\web\\src\\components\\comments\\CommentForm.tsx","statementMap":{"0":{"start":{"line":25,"column":28},"end":{"line":25,"column":null}},"1":{"start":{"line":26,"column":34},"end":{"line":26,"column":null}},"2":{"start":{"line":29,"column":4},"end":{"line":29,"column":null}},"3":{"start":{"line":30,"column":4},"end":{"line":30,"column":null}},"4":{"start":{"line":30,"column":39},"end":{"line":30,"column":null}},"5":{"start":{"line":32,"column":4},"end":{"line":32,"column":null}},"6":{"start":{"line":33,"column":4},"end":{"line":38,"column":null}},"7":{"start":{"line":34,"column":6},"end":{"line":34,"column":null}},"8":{"start":{"line":35,"column":6},"end":{"line":35,"column":null}},"9":{"start":{"line":37,"column":6},"end":{"line":37,"column":null}},"10":{"start":{"line":41,"column":2},"end":{"line":67,"column":null}},"11":{"start":{"line":46,"column":25},"end":{"line":46,"column":null}}},"fnMap":{"0":{"name":"CommentForm","decl":{"start":{"line":18,"column":24},"end":{"line":18,"column":36}},"loc":{"start":{"line":24,"column":21},"end":{"line":69,"column":null}},"line":24},"1":{"name":"handleSubmit","decl":{"start":{"line":28,"column":17},"end":{"line":28,"column":30}},"loc":{"start":{"line":28,"column":50},"end":{"line":39,"column":null}},"line":28},"2":{"name":"(anonymous_2)","decl":{"start":{"line":46,"column":18},"end":{"line":46,"column":19}},"loc":{"start":{"line":46,"column":25},"end":{"line":46,"column":null}},"line":46}},"branchMap":{"0":{"loc":{"start":{"line":21,"column":2},"end":{"line":21,"column":null}},"type":"default-arg","locations":[{"start":{"line":21,"column":16},"end":{"line":21,"column":null}}],"line":21},"1":{"loc":{"start":{"line":22,"column":2},"end":{"line":22,"column":null}},"type":"default-arg","locations":[{"start":{"line":22,"column":14},"end":{"line":22,"column":null}}],"line":22},"2":{"loc":{"start":{"line":30,"column":4},"end":{"line":30,"column":null}},"type":"if","locations":[{"start":{"line":30,"column":4},"end":{"line":30,"column":null}},{"start":{},"end":{}}],"line":30},"3":{"loc":{"start":{"line":30,"column":8},"end":{"line":30,"column":39}},"type":"binary-expr","locations":[{"start":{"line":30,"column":8},"end":{"line":30,"column":27}},{"start":{"line":30,"column":27},"end":{"line":30,"column":39}}],"line":30},"4":{"loc":{"start":{"line":53,"column":18},"end":{"line":53,"column":null}},"type":"binary-expr","locations":[{"start":{"line":53,"column":18},"end":{"line":53,"column":32}},{"start":{"line":53,"column":32},"end":{"line":53,"column":null}}],"line":53},"5":{"loc":{"start":{"line":56,"column":9},"end":{"line":56,"column":null}},"type":"cond-expr","locations":[{"start":{"line":56,"column":22},"end":{"line":56,"column":30}},{"start":{"line":56,"column":30},"end":{"line":56,"column":null}}],"line":56},"6":{"loc":{"start":{"line":58,"column":7},"end":{"line":65,"column":null}},"type":"binary-expr","locations":[{"start":{"line":58,"column":7},"end":{"line":58,"column":null}},{"start":{"line":59,"column":8},"end":{"line":65,"column":null}}],"line":58}},"s":{"0":72,"1":72,"2":3,"3":3,"4":0,"5":3,"6":3,"7":3,"8":3,"9":3,"10":72,"11":54},"f":{"0":72,"1":3,"2":54},"b":{"0":[72],"1":[72],"2":[0,3],"3":[3,3],"4":[72,69],"5":[3,69],"6":[72,29]},"meta":{"lastBranch":7,"lastFunction":3,"lastStatement":12,"seen":{"f:18:24:18:36":0,"b:21:16:21:Infinity":0,"b:22:14:22:Infinity":1,"s:25:28:25:Infinity":0,"s:26:34:26:Infinity":1,"f:28:17:28:30":1,"s:29:4:29:Infinity":2,"b:30:4:30:Infinity:undefined:undefined:undefined:undefined":2,"s:30:4:30:Infinity":3,"b:30:8:30:27:30:27:30:39":3,"s:30:39:30:Infinity":4,"s:32:4:32:Infinity":5,"s:33:4:38:Infinity":6,"s:34:6:34:Infinity":7,"s:35:6:35:Infinity":8,"s:37:6:37:Infinity":9,"s:41:2:67:Infinity":10,"f:46:18:46:19":2,"s:46:25:46:Infinity":11,"b:53:18:53:32:53:32:53:Infinity":4,"b:56:22:56:30:56:30:56:Infinity":5,"b:58:7:58:Infinity:59:8:65:Infinity":6}}}
,"C:\\Users\\kkraus\\source\\repos\\adelantestory\\Cx-Innovation-Hub-IF-Baseline\\concept\\apps\\web\\src\\components\\comments\\CommentList.tsx": {"path":"C:\\Users\\kkraus\\source\\repos\\adelantestory\\Cx-Innovation-Hub-IF-Baseline\\concept\\apps\\web\\src\\components\\comments\\CommentList.tsx","statementMap":{"0":{"start":{"line":29,"column":19},"end":{"line":29,"column":null}},"1":{"start":{"line":29,"column":42},"end":{"line":29,"column":62}},"2":{"start":{"line":30,"column":18},"end":{"line":30,"column":null}},"3":{"start":{"line":30,"column":41},"end":{"line":30,"column":60}},"4":{"start":{"line":33,"column":4},"end":{"line":33,"column":null}},"5":{"start":{"line":33,"column":33},"end":{"line":33,"column":65}},"6":{"start":{"line":36,"column":2},"end":{"line":62,"column":null}},"7":{"start":{"line":46,"column":10},"end":{"line":55,"column":null}},"8":{"start":{"line":89,"column":30},"end":{"line":89,"column":null}},"9":{"start":{"line":90,"column":28},"end":{"line":90,"column":null}},"10":{"start":{"line":91,"column":36},"end":{"line":91,"column":null}},"11":{"start":{"line":93,"column":19},"end":{"line":93,"column":null}},"12":{"start":{"line":94,"column":19},"end":{"line":94,"column":null}},"13":{"start":{"line":97,"column":4},"end":{"line":97,"column":null}},"14":{"start":{"line":97,"column":29},"end":{"line":97,"column":null}},"15":{"start":{"line":98,"column":4},"end":{"line":98,"column":null}},"16":{"start":{"line":99,"column":4},"end":{"line":99,"column":null}},"17":{"start":{"line":103,"column":4},"end":{"line":103,"column":null}},"18":{"start":{"line":104,"column":4},"end":{"line":104,"column":null}},"19":{"start":{"line":107,"column":18},"end":{"line":107,"column":null}},"20":{"start":{"line":108,"column":20},"end":{"line":108,"column":null}},"21":{"start":{"line":110,"column":2},"end":{"line":218,"column":null}},"22":{"start":{"line":134,"column":33},"end":{"line":134,"column":null}},"23":{"start":{"line":138,"column":18},"end":{"line":138,"column":null}},"24":{"start":{"line":138,"column":41},"end":{"line":138,"column":null}},"25":{"start":{"line":139,"column":18},"end":{"line":139,"column":null}},"26":{"start":{"line":139,"column":42},"end":{"line":139,"column":null}},"27":{"start":{"line":150,"column":18},"end":{"line":150,"column":null}},"28":{"start":{"line":151,"column":18},"end":{"line":151,"column":null}},"29":{"start":{"line":165,"column":31},"end":{"line":165,"column":null}},"30":{"start":{"line":174,"column":33},"end":{"line":174,"column":null}},"31":{"start":{"line":180,"column":33},"end":{"line":180,"column":null}},"32":{"start":{"line":195,"column":32},"end":{"line":195,"column":null}},"33":{"start":{"line":205,"column":12},"end":{"line":214,"column":null}},"34":{"start":{"line":226,"column":15},"end":{"line":226,"column":null}},"35":{"start":{"line":227,"column":14},"end":{"line":227,"column":null}},"36":{"start":{"line":228,"column":17},"end":{"line":228,"column":null}},"37":{"start":{"line":229,"column":18},"end":{"line":229,"column":null}},"38":{"start":{"line":231,"column":2},"end":{"line":231,"column":null}},"39":{"start":{"line":231,"column":19},"end":{"line":231,"column":null}},"40":{"start":{"line":232,"column":2},"end":{"line":232,"column":null}},"41":{"start":{"line":232,"column":20},"end":{"line":232,"column":null}},"42":{"start":{"line":233,"column":18},"end":{"line":233,"column":null}},"43":{"start":{"line":234,"column":2},"end":{"line":234,"column":null}},"44":{"start":{"line":234,"column":20},"end":{"line":234,"column":null}},"45":{"start":{"line":235,"column":19},"end":{"line":235,"column":null}},"46":{"start":{"line":236,"column":2},"end":{"line":236,"column":null}},"47":{"start":{"line":236,"column":20},"end":{"line":236,"column":null}},"48":{"start":{"line":237,"column":2},"end":{"line":237,"column":null}}},"fnMap":{"0":{"name":"CommentList","decl":{"start":{"line":21,"column":24},"end":{"line":21,"column":36}},"loc":{"start":{"line":27,"column":21},"end":{"line":64,"column":null}},"line":27},"1":{"name":"(anonymous_1)","decl":{"start":{"line":29,"column":35},"end":{"line":29,"column":36}},"loc":{"start":{"line":29,"column":42},"end":{"line":29,"column":62}},"line":29},"2":{"name":"(anonymous_2)","decl":{"start":{"line":30,"column":34},"end":{"line":30,"column":35}},"loc":{"start":{"line":30,"column":41},"end":{"line":30,"column":60}},"line":30},"3":{"name":"getReplies","decl":{"start":{"line":32,"column":11},"end":{"line":32,"column":22}},"loc":{"start":{"line":32,"column":51},"end":{"line":34,"column":null}},"line":32},"4":{"name":"(anonymous_4)","decl":{"start":{"line":33,"column":26},"end":{"line":33,"column":27}},"loc":{"start":{"line":33,"column":33},"end":{"line":33,"column":65}},"line":33},"5":{"name":"(anonymous_5)","decl":{"start":{"line":45,"column":22},"end":{"line":45,"column":23}},"loc":{"start":{"line":46,"column":10},"end":{"line":55,"column":null}},"line":46},"6":{"name":"CommentThread","decl":{"start":{"line":80,"column":9},"end":{"line":80,"column":23}},"loc":{"start":{"line":88,"column":23},"end":{"line":220,"column":null}},"line":88},"7":{"name":"handleEdit","decl":{"start":{"line":96,"column":17},"end":{"line":96,"column":30}},"loc":{"start":{"line":96,"column":30},"end":{"line":100,"column":null}},"line":96},"8":{"name":"handleReply","decl":{"start":{"line":102,"column":17},"end":{"line":102,"column":29}},"loc":{"start":{"line":102,"column":46},"end":{"line":105,"column":null}},"line":102},"9":{"name":"(anonymous_9)","decl":{"start":{"line":134,"column":26},"end":{"line":134,"column":27}},"loc":{"start":{"line":134,"column":33},"end":{"line":134,"column":null}},"line":134},"10":{"name":"(anonymous_10)","decl":{"start":{"line":137,"column":27},"end":{"line":137,"column":28}},"loc":{"start":{"line":137,"column":34},"end":{"line":140,"column":null}},"line":137},"11":{"name":"(anonymous_11)","decl":{"start":{"line":149,"column":25},"end":{"line":149,"column":31}},"loc":{"start":{"line":149,"column":31},"end":{"line":152,"column":null}},"line":149},"12":{"name":"(anonymous_12)","decl":{"start":{"line":165,"column":25},"end":{"line":165,"column":31}},"loc":{"start":{"line":165,"column":31},"end":{"line":165,"column":null}},"line":165},"13":{"name":"(anonymous_13)","decl":{"start":{"line":174,"column":27},"end":{"line":174,"column":33}},"loc":{"start":{"line":174,"column":33},"end":{"line":174,"column":null}},"line":174},"14":{"name":"(anonymous_14)","decl":{"start":{"line":180,"column":27},"end":{"line":180,"column":33}},"loc":{"start":{"line":180,"column":33},"end":{"line":180,"column":null}},"line":180},"15":{"name":"(anonymous_15)","decl":{"start":{"line":195,"column":26},"end":{"line":195,"column":32}},"loc":{"start":{"line":195,"column":32},"end":{"line":195,"column":null}},"line":195},"16":{"name":"(anonymous_16)","decl":{"start":{"line":204,"column":23},"end":{"line":204,"column":24}},"loc":{"start":{"line":205,"column":12},"end":{"line":214,"column":null}},"line":205},"17":{"name":"formatTimeAgo","decl":{"start":{"line":225,"column":9},"end":{"line":225,"column":23}},"loc":{"start":{"line":225,"column":48},"end":{"line":238,"column":null}},"line":225}},"branchMap":{"0":{"loc":{"start":{"line":59,"column":7},"end":{"line":60,"column":null}},"type":"binary-expr","locations":[{"start":{"line":59,"column":7},"end":{"line":59,"column":null}},{"start":{"line":60,"column":8},"end":{"line":60,"column":null}}],"line":59},"1":{"loc":{"start":{"line":97,"column":4},"end":{"line":97,"column":null}},"type":"if","locations":[{"start":{"line":97,"column":4},"end":{"line":97,"column":null}},{"start":{},"end":{}}],"line":97},"2":{"loc":{"start":{"line":111,"column":20},"end":{"line":111,"column":null}},"type":"cond-expr","locations":[{"start":{"line":111,"column":32},"end":{"line":111,"column":73}},{"start":{"line":111,"column":73},"end":{"line":111,"column":null}}],"line":111},"3":{"loc":{"start":{"line":126,"column":13},"end":{"line":126,"column":null}},"type":"binary-expr","locations":[{"start":{"line":126,"column":13},"end":{"line":126,"column":26}},{"start":{"line":126,"column":26},"end":{"line":126,"column":null}}],"line":126},"4":{"loc":{"start":{"line":129,"column":11},"end":{"line":159,"column":null}},"type":"cond-expr","locations":[{"start":{"line":130,"column":12},"end":{"line":157,"column":null}},{"start":{"line":159,"column":12},"end":{"line":159,"column":null}}],"line":129},"5":{"loc":{"start":{"line":138,"column":18},"end":{"line":138,"column":null}},"type":"if","locations":[{"start":{"line":138,"column":18},"end":{"line":138,"column":null}},{"start":{},"end":{}}],"line":138},"6":{"loc":{"start":{"line":139,"column":18},"end":{"line":139,"column":null}},"type":"if","locations":[{"start":{"line":139,"column":18},"end":{"line":139,"column":null}},{"start":{},"end":{}}],"line":139},"7":{"loc":{"start":{"line":163,"column":13},"end":{"line":169,"column":null}},"type":"binary-expr","locations":[{"start":{"line":163,"column":13},"end":{"line":163,"column":null}},{"start":{"line":164,"column":14},"end":{"line":169,"column":null}}],"line":163},"8":{"loc":{"start":{"line":171,"column":13},"end":{"line":185,"column":null}},"type":"binary-expr","locations":[{"start":{"line":171,"column":13},"end":{"line":171,"column":25}},{"start":{"line":171,"column":25},"end":{"line":171,"column":null}},{"start":{"line":172,"column":14},"end":{"line":185,"column":null}}],"line":171},"9":{"loc":{"start":{"line":189,"column":11},"end":{"line":197,"column":null}},"type":"binary-expr","locations":[{"start":{"line":189,"column":11},"end":{"line":189,"column":null}},{"start":{"line":190,"column":12},"end":{"line":197,"column":null}}],"line":189},"10":{"loc":{"start":{"line":202,"column":7},"end":{"line":216,"column":null}},"type":"binary-expr","locations":[{"start":{"line":202,"column":7},"end":{"line":202,"column":null}},{"start":{"line":203,"column":8},"end":{"line":216,"column":null}}],"line":202},"11":{"loc":{"start":{"line":231,"column":2},"end":{"line":231,"column":null}},"type":"if","locations":[{"start":{"line":231,"column":2},"end":{"line":231,"column":null}},{"start":{},"end":{}}],"line":231},"12":{"loc":{"start":{"line":232,"column":2},"end":{"line":232,"column":null}},"type":"if","locations":[{"start":{"line":232,"column":2},"end":{"line":232,"column":null}},{"start":{},"end":{}}],"line":232},"13":{"loc":{"start":{"line":234,"column":2},"end":{"line":234,"column":null}},"type":"if","locations":[{"start":{"line":234,"column":2},"end":{"line":234,"column":null}},{"start":{},"end":{}}],"line":234},"14":{"loc":{"start":{"line":236,"column":2},"end":{"line":236,"column":null}},"type":"if","locations":[{"start":{"line":236,"column":2},"end":{"line":236,"column":null}},{"start":{},"end":{}}],"line":236}},"s":{"0":3,"1":4,"2":3,"3":4,"4":2,"5":2,"6":3,"7":2,"8":54,"9":54,"10":54,"11":54,"12":54,"13":1,"14":0,"15":1,"16":1,"17":1,"18":1,"19":54,"20":54,"21":54,"22":21,"23":20,"24":0,"25":20,"26":0,"27":0,"28":0,"29":1,"30":1,"31":1,"32":0,"33":27,"34":54,"35":54,"36":54,"37":54,"38":54,"39":0,"40":54,"41":0,"42":54,"43":54,"44":0,"45":54,"46":54,"47":0,"48":54},"f":{"0":3,"1":4,"2":4,"3":2,"4":2,"5":2,"6":54,"7":1,"8":1,"9":21,"10":20,"11":0,"12":1,"13":1,"14":1,"15":0,"16":27,"17":54},"b":{"0":[3,1],"1":[0,1],"2":[27,27],"3":[54,0],"4":[22,32],"5":[0,20],"6":[0,20],"7":[54,54],"8":[54,27,5],"9":[54,1],"10":[54,27],"11":[0,54],"12":[0,54],"13":[0,54],"14":[0,54]},"meta":{"lastBranch":15,"lastFunction":18,"lastStatement":49,"seen":{"f:21:24:21:36":0,"s:29:19:29:Infinity":0,"f:29:35:29:36":1,"s:29:42:29:62":1,"s:30:18:30:Infinity":2,"f:30:34:30:35":2,"s:30:41:30:60":3,"f:32:11:32:22":3,"s:33:4:33:Infinity":4,"f:33:26:33:27":4,"s:33:33:33:65":5,"s:36:2:62:Infinity":6,"f:45:22:45:23":5,"s:46:10:55:Infinity":7,"b:59:7:59:Infinity:60:8:60:Infinity":0,"f:80:9:80:23":6,"s:89:30:89:Infinity":8,"s:90:28:90:Infinity":9,"s:91:36:91:Infinity":10,"s:93:19:93:Infinity":11,"s:94:19:94:Infinity":12,"f:96:17:96:30":7,"b:97:4:97:Infinity:undefined:undefined:undefined:undefined":1,"s:97:4:97:Infinity":13,"s:97:29:97:Infinity":14,"s:98:4:98:Infinity":15,"s:99:4:99:Infinity":16,"f:102:17:102:29":8,"s:103:4:103:Infinity":17,"s:104:4:104:Infinity":18,"s:107:18:107:Infinity":19,"s:108:20:108:Infinity":20,"s:110:2:218:Infinity":21,"b:111:32:111:73:111:73:111:Infinity":2,"b:126:13:126:26:126:26:126:Infinity":3,"b:130:12:157:Infinity:159:12:159:Infinity":4,"f:134:26:134:27":9,"s:134:33:134:Infinity":22,"f:137:27:137:28":10,"b:138:18:138:Infinity:undefined:undefined:undefined:undefined":5,"s:138:18:138:Infinity":23,"s:138:41:138:Infinity":24,"b:139:18:139:Infinity:undefined:undefined:undefined:undefined":6,"s:139:18:139:Infinity":25,"s:139:42:139:Infinity":26,"f:149:25:149:31":11,"s:150:18:150:Infinity":27,"s:151:18:151:Infinity":28,"b:163:13:163:Infinity:164:14:169:Infinity":7,"f:165:25:165:31":12,"s:165:31:165:Infinity":29,"b:171:13:171:25:171:25:171:Infinity:172:14:185:Infinity":8,"f:174:27:174:33":13,"s:174:33:174:Infinity":30,"f:180:27:180:33":14,"s:180:33:180:Infinity":31,"b:189:11:189:Infinity:190:12:197:Infinity":9,"f:195:26:195:32":15,"s:195:32:195:Infinity":32,"b:202:7:202:Infinity:203:8:216:Infinity":10,"f:204:23:204:24":16,"s:205:12:214:Infinity":33,"f:225:9:225:23":17,"s:226:15:226:Infinity":34,"s:227:14:227:Infinity":35,"s:228:17:228:Infinity":36,"s:229:18:229:Infinity":37,"b:231:2:231:Infinity:undefined:undefined:undefined:undefined":11,"s:231:2:231:Infinity":38,"s:231:19:231:Infinity":39,"b:232:2:232:Infinity:undefined:undefined:undefined:undefined":12,"s:232:2:232:Infinity":40,"s:232:20:232:Infinity":41,"s:233:18:233:Infinity":42,"b:234:2:234:Infinity:undefined:undefined:undefined:undefined":13,"s:234:2:234:Infinity":43,"s:234:20:234:Infinity":44,"s:235:19:235:Infinity":45,"b:236:2:236:Infinity:undefined:undefined:undefined:undefined":14,"s:236:2:236:Infinity":46,"s:236:20:236:Infinity":47,"s:237:2:237:Infinity":48}}}
,"C:\\Users\\kkraus\\source\\repos\\adelantestory\\Cx-Innovation-Hub-IF-Baseline\\concept\\apps\\web\\src\\components\\kanban\\Board.tsx": {"path":"C:\\Users\\kkraus\\source\\repos\\adelantestory\\Cx-Innovation-Hub-IF-Baseline\\concept\\apps\\web\\src\\components\\kanban\\Board.tsx","statementMap":{"0":{"start":{"line":29,"column":24},"end":{"line":29,"column":null}},"1":{"start":{"line":30,"column":24},"end":{"line":30,"column":null}},"2":{"start":{"line":31,"column":28},"end":{"line":31,"column":null}},"3":{"start":{"line":32,"column":24},"end":{"line":32,"column":null}},"4":{"start":{"line":33,"column":38},"end":{"line":33,"column":null}},"5":{"start":{"line":34,"column":36},"end":{"line":34,"column":null}},"6":{"start":{"line":35,"column":38},"end":{"line":35,"column":null}},"7":{"start":{"line":36,"column":30},"end":{"line":36,"column":null}},"8":{"start":{"line":38,"column":8},"end":{"line":48,"column":null}},"9":{"start":{"line":39,"column":4},"end":{"line":39,"column":null}},"10":{"start":{"line":40,"column":4},"end":{"line":40,"column":null}},"11":{"start":{"line":41,"column":4},"end":{"line":47,"column":null}},"12":{"start":{"line":43,"column":8},"end":{"line":43,"column":null}},"13":{"start":{"line":44,"column":8},"end":{"line":44,"column":null}},"14":{"start":{"line":46,"column":29},"end":{"line":46,"column":50}},"15":{"start":{"line":47,"column":21},"end":{"line":47,"column":38}},"16":{"start":{"line":50,"column":2},"end":{"line":52,"column":null}},"17":{"start":{"line":51,"column":4},"end":{"line":51,"column":null}},"18":{"start":{"line":58,"column":4},"end":{"line":60,"column":null}},"19":{"start":{"line":59,"column":21},"end":{"line":59,"column":40}},"20":{"start":{"line":60,"column":22},"end":{"line":60,"column":45}},"21":{"start":{"line":68,"column":49},"end":{"line":68,"column":null}},"22":{"start":{"line":69,"column":4},"end":{"line":69,"column":null}},"23":{"start":{"line":69,"column":22},"end":{"line":69,"column":null}},"24":{"start":{"line":70,"column":4},"end":{"line":75,"column":null}},"25":{"start":{"line":74,"column":6},"end":{"line":74,"column":null}},"26":{"start":{"line":77,"column":22},"end":{"line":77,"column":null}},"27":{"start":{"line":78,"column":24},"end":{"line":78,"column":null}},"28":{"start":{"line":81,"column":26},"end":{"line":81,"column":null}},"29":{"start":{"line":82,"column":4},"end":{"line":88,"column":null}},"30":{"start":{"line":83,"column":6},"end":{"line":87,"column":null}},"31":{"start":{"line":84,"column":8},"end":{"line":86,"column":null}},"32":{"start":{"line":90,"column":4},"end":{"line":95,"column":null}},"33":{"start":{"line":91,"column":6},"end":{"line":91,"column":null}},"34":{"start":{"line":94,"column":6},"end":{"line":94,"column":null}},"35":{"start":{"line":102,"column":4},"end":{"line":102,"column":null}},"36":{"start":{"line":103,"column":4},"end":{"line":103,"column":null}},"37":{"start":{"line":103,"column":42},"end":{"line":103,"column":null}},"38":{"start":{"line":105,"column":4},"end":{"line":105,"column":null}},"39":{"start":{"line":106,"column":4},"end":{"line":115,"column":null}},"40":{"start":{"line":107,"column":19},"end":{"line":107,"column":null}},"41":{"start":{"line":108,"column":6},"end":{"line":108,"column":null}},"42":{"start":{"line":108,"column":25},"end":{"line":108,"column":40}},"43":{"start":{"line":109,"column":6},"end":{"line":109,"column":null}},"44":{"start":{"line":110,"column":6},"end":{"line":110,"column":null}},"45":{"start":{"line":112,"column":6},"end":{"line":112,"column":null}},"46":{"start":{"line":114,"column":6},"end":{"line":114,"column":null}},"47":{"start":{"line":119,"column":4},"end":{"line":119,"column":null}},"48":{"start":{"line":119,"column":23},"end":{"line":119,"column":75}},"49":{"start":{"line":119,"column":40},"end":{"line":119,"column":74}},"50":{"start":{"line":120,"column":4},"end":{"line":120,"column":null}},"51":{"start":{"line":124,"column":4},"end":{"line":124,"column":null}},"52":{"start":{"line":124,"column":23},"end":{"line":124,"column":58}},"53":{"start":{"line":124,"column":42},"end":{"line":124,"column":57}},"54":{"start":{"line":125,"column":4},"end":{"line":125,"column":null}},"55":{"start":{"line":128,"column":2},"end":{"line":134,"column":null}},"56":{"start":{"line":129,"column":4},"end":{"line":132,"column":null}},"57":{"start":{"line":136,"column":2},"end":{"line":150,"column":null}},"58":{"start":{"line":137,"column":4},"end":{"line":148,"column":null}},"59":{"start":{"line":152,"column":2},"end":{"line":222,"column":null}},"60":{"start":{"line":166,"column":25},"end":{"line":166,"column":null}},"61":{"start":{"line":182,"column":29},"end":{"line":182,"column":null}},"62":{"start":{"line":201,"column":12},"end":{"line":206,"column":null}},"63":{"start":{"line":217,"column":25},"end":{"line":217,"column":null}}},"fnMap":{"0":{"name":"Board","decl":{"start":{"line":28,"column":24},"end":{"line":28,"column":30}},"loc":{"start":{"line":28,"column":76},"end":{"line":224,"column":null}},"line":28},"1":{"name":"(anonymous_1)","decl":{"start":{"line":38,"column":31},"end":{"line":38,"column":37}},"loc":{"start":{"line":38,"column":37},"end":{"line":48,"column":5}},"line":38},"2":{"name":"(anonymous_2)","decl":{"start":{"line":42,"column":12},"end":{"line":42,"column":13}},"loc":{"start":{"line":42,"column":38},"end":{"line":45,"column":7}},"line":42},"3":{"name":"(anonymous_3)","decl":{"start":{"line":46,"column":13},"end":{"line":46,"column":14}},"loc":{"start":{"line":46,"column":29},"end":{"line":46,"column":50}},"line":46},"4":{"name":"(anonymous_4)","decl":{"start":{"line":47,"column":15},"end":{"line":47,"column":21}},"loc":{"start":{"line":47,"column":21},"end":{"line":47,"column":38}},"line":47},"5":{"name":"(anonymous_5)","decl":{"start":{"line":50,"column":12},"end":{"line":50,"column":18}},"loc":{"start":{"line":50,"column":18},"end":{"line":52,"column":5}},"line":50},"6":{"name":"getColumnTasks","decl":{"start":{"line":57,"column":11},"end":{"line":57,"column":26}},"loc":{"start":{"line":57,"column":54},"end":{"line":61,"column":null}},"line":57},"7":{"name":"(anonymous_7)","decl":{"start":{"line":59,"column":14},"end":{"line":59,"column":15}},"loc":{"start":{"line":59,"column":21},"end":{"line":59,"column":40}},"line":59},"8":{"name":"(anonymous_8)","decl":{"start":{"line":60,"column":12},"end":{"line":60,"column":13}},"loc":{"start":{"line":60,"column":22},"end":{"line":60,"column":45}},"line":60},"9":{"name":"handleDragEnd","decl":{"start":{"line":67,"column":17},"end":{"line":67,"column":31}},"loc":{"start":{"line":67,"column":51},"end":{"line":96,"column":null}},"line":67},"10":{"name":"(anonymous_10)","decl":{"start":{"line":82,"column":13},"end":{"line":82,"column":14}},"loc":{"start":{"line":83,"column":6},"end":{"line":87,"column":null}},"line":83},"11":{"name":"(anonymous_11)","decl":{"start":{"line":83,"column":15},"end":{"line":83,"column":16}},"loc":{"start":{"line":84,"column":8},"end":{"line":86,"column":null}},"line":84},"12":{"name":"handleCreateTask","decl":{"start":{"line":101,"column":17},"end":{"line":101,"column":34}},"loc":{"start":{"line":101,"column":54},"end":{"line":116,"column":null}},"line":101},"13":{"name":"(anonymous_13)","decl":{"start":{"line":108,"column":15},"end":{"line":108,"column":16}},"loc":{"start":{"line":108,"column":25},"end":{"line":108,"column":40}},"line":108},"14":{"name":"handleTaskUpdated","decl":{"start":{"line":118,"column":11},"end":{"line":118,"column":29}},"loc":{"start":{"line":118,"column":44},"end":{"line":121,"column":null}},"line":118},"15":{"name":"(anonymous_15)","decl":{"start":{"line":119,"column":13},"end":{"line":119,"column":14}},"loc":{"start":{"line":119,"column":23},"end":{"line":119,"column":75}},"line":119},"16":{"name":"(anonymous_16)","decl":{"start":{"line":119,"column":32},"end":{"line":119,"column":33}},"loc":{"start":{"line":119,"column":40},"end":{"line":119,"column":74}},"line":119},"17":{"name":"handleTaskDeleted","decl":{"start":{"line":123,"column":11},"end":{"line":123,"column":29}},"loc":{"start":{"line":123,"column":45},"end":{"line":126,"column":null}},"line":123},"18":{"name":"(anonymous_18)","decl":{"start":{"line":124,"column":13},"end":{"line":124,"column":14}},"loc":{"start":{"line":124,"column":23},"end":{"line":124,"column":58}},"line":124},"19":{"name":"(anonymous_19)","decl":{"start":{"line":124,"column":35},"end":{"line":124,"column":36}},"loc":{"start":{"line":124,"column":42},"end":{"line":124,"column":57}},"line":124},"20":{"name":"(anonymous_20)","decl":{"start":{"line":166,"column":19},"end":{"line":166,"column":25}},"loc":{"start":{"line":166,"column":25},"end":{"line":166,"column":null}},"line":166},"21":{"name":"(anonymous_21)","decl":{"start":{"line":182,"column":22},"end":{"line":182,"column":23}},"loc":{"start":{"line":182,"column":29},"end":{"line":182,"column":null}},"line":182},"22":{"name":"(anonymous_22)","decl":{"start":{"line":200,"column":30},"end":{"line":200,"column":31}},"loc":{"start":{"line":201,"column":12},"end":{"line":206,"column":null}},"line":201},"23":{"name":"(anonymous_23)","decl":{"start":{"line":217,"column":19},"end":{"line":217,"column":25}},"loc":{"start":{"line":217,"column":25},"end":{"line":217,"column":null}},"line":217}},"branchMap":{"0":{"loc":{"start":{"line":69,"column":4},"end":{"line":69,"column":null}},"type":"if","locations":[{"start":{"line":69,"column":4},"end":{"line":69,"column":null}},{"start":{},"end":{}}],"line":69},"1":{"loc":{"start":{"line":70,"column":4},"end":{"line":75,"column":null}},"type":"if","locations":[{"start":{"line":70,"column":4},"end":{"line":75,"column":null}},{"start":{},"end":{}}],"line":70},"2":{"loc":{"start":{"line":71,"column":6},"end":{"line":72,"column":null}},"type":"binary-expr","locations":[{"start":{"line":71,"column":6},"end":{"line":71,"column":null}},{"start":{"line":72,"column":6},"end":{"line":72,"column":null}}],"line":71},"3":{"loc":{"start":{"line":84,"column":8},"end":{"line":86,"column":null}},"type":"cond-expr","locations":[{"start":{"line":85,"column":12},"end":{"line":85,"column":null}},{"start":{"line":86,"column":12},"end":{"line":86,"column":null}}],"line":84},"4":{"loc":{"start":{"line":103,"column":4},"end":{"line":103,"column":null}},"type":"if","locations":[{"start":{"line":103,"column":4},"end":{"line":103,"column":null}},{"start":{},"end":{}}],"line":103},"5":{"loc":{"start":{"line":103,"column":8},"end":{"line":103,"column":42}},"type":"binary-expr","locations":[{"start":{"line":103,"column":8},"end":{"line":103,"column":32}},{"start":{"line":103,"column":32},"end":{"line":103,"column":42}}],"line":103},"6":{"loc":{"start":{"line":112,"column":15},"end":{"line":112,"column":75}},"type":"cond-expr","locations":[{"start":{"line":112,"column":38},"end":{"line":112,"column":52}},{"start":{"line":112,"column":52},"end":{"line":112,"column":75}}],"line":112},"7":{"loc":{"start":{"line":119,"column":40},"end":{"line":119,"column":74}},"type":"cond-expr","locations":[{"start":{"line":119,"column":62},"end":{"line":119,"column":72}},{"start":{"line":119,"column":72},"end":{"line":119,"column":74}}],"line":119},"8":{"loc":{"start":{"line":128,"column":2},"end":{"line":134,"column":null}},"type":"if","locations":[{"start":{"line":128,"column":2},"end":{"line":134,"column":null}},{"start":{},"end":{}}],"line":128},"9":{"loc":{"start":{"line":136,"column":2},"end":{"line":150,"column":null}},"type":"if","locations":[{"start":{"line":136,"column":2},"end":{"line":150,"column":null}},{"start":{},"end":{}}],"line":136},"10":{"loc":{"start":{"line":169,"column":11},"end":{"line":169,"column":null}},"type":"cond-expr","locations":[{"start":{"line":169,"column":25},"end":{"line":169,"column":36}},{"start":{"line":169,"column":36},"end":{"line":169,"column":null}}],"line":169},"11":{"loc":{"start":{"line":174,"column":7},"end":{"line":194,"column":null}},"type":"binary-expr","locations":[{"start":{"line":174,"column":7},"end":{"line":174,"column":null}},{"start":{"line":175,"column":8},"end":{"line":194,"column":null}}],"line":174},"12":{"loc":{"start":{"line":189,"column":22},"end":{"line":189,"column":null}},"type":"binary-expr","locations":[{"start":{"line":189,"column":22},"end":{"line":189,"column":34}},{"start":{"line":189,"column":34},"end":{"line":189,"column":null}}],"line":189},"13":{"loc":{"start":{"line":192,"column":13},"end":{"line":192,"column":null}},"type":"cond-expr","locations":[{"start":{"line":192,"column":24},"end":{"line":192,"column":38}},{"start":{"line":192,"column":38},"end":{"line":192,"column":null}}],"line":192},"14":{"loc":{"start":{"line":212,"column":7},"end":{"line":220,"column":null}},"type":"binary-expr","locations":[{"start":{"line":212,"column":7},"end":{"line":212,"column":null}},{"start":{"line":213,"column":8},"end":{"line":220,"column":null}}],"line":212}},"s":{"0":51,"1":51,"2":51,"3":51,"4":51,"5":51,"6":51,"7":51,"8":51,"9":7,"10":7,"11":7,"12":5,"13":5,"14":1,"15":6,"16":51,"17":6,"18":152,"19":308,"20":1,"21":0,"22":0,"23":0,"24":0,"25":0,"26":0,"27":0,"28":0,"29":0,"30":0,"31":0,"32":0,"33":0,"34":0,"35":1,"36":1,"37":0,"38":1,"39":1,"40":1,"41":1,"42":1,"43":1,"44":1,"45":0,"46":1,"47":0,"48":0,"49":0,"50":0,"51":0,"52":0,"53":0,"54":0,"55":51,"56":12,"57":39,"58":1,"59":38,"60":3,"61":23,"62":152,"63":0},"f":{"0":51,"1":7,"2":5,"3":1,"4":6,"5":6,"6":152,"7":308,"8":1,"9":0,"10":0,"11":0,"12":1,"13":1,"14":0,"15":0,"16":0,"17":0,"18":0,"19":0,"20":3,"21":23,"22":152,"23":0},"b":{"0":[0,0],"1":[0,0],"2":[0,0],"3":[0,0],"4":[0,1],"5":[1,1],"6":[0,0],"7":[0,0],"8":[12,39],"9":[1,38],"10":[26,12],"11":[51,26],"12":[26,25],"13":[1,25],"14":[51,1]},"meta":{"lastBranch":15,"lastFunction":24,"lastStatement":64,"seen":{"f:28:24:28:30":0,"s:29:24:29:Infinity":0,"s:30:24:30:Infinity":1,"s:31:28:31:Infinity":2,"s:32:24:32:Infinity":3,"s:33:38:33:Infinity":4,"s:34:36:34:Infinity":5,"s:35:38:35:Infinity":6,"s:36:30:36:Infinity":7,"s:38:8:48:Infinity":8,"f:38:31:38:37":1,"s:39:4:39:Infinity":9,"s:40:4:40:Infinity":10,"s:41:4:47:Infinity":11,"f:42:12:42:13":2,"s:43:8:43:Infinity":12,"s:44:8:44:Infinity":13,"f:46:13:46:14":3,"s:46:29:46:50":14,"f:47:15:47:21":4,"s:47:21:47:38":15,"s:50:2:52:Infinity":16,"f:50:12:50:18":5,"s:51:4:51:Infinity":17,"f:57:11:57:26":6,"s:58:4:60:Infinity":18,"f:59:14:59:15":7,"s:59:21:59:40":19,"f:60:12:60:13":8,"s:60:22:60:45":20,"f:67:17:67:31":9,"s:68:49:68:Infinity":21,"b:69:4:69:Infinity:undefined:undefined:undefined:undefined":0,"s:69:4:69:Infinity":22,"s:69:22:69:Infinity":23,"b:70:4:75:Infinity:undefined:undefined:undefined:undefined":1,"s:70:4:75:Infinity":24,"b:71:6:71:Infinity:72:6:72:Infinity":2,"s:74:6:74:Infinity":25,"s:77:22:77:Infinity":26,"s:78:24:78:Infinity":27,"s:81:26:81:Infinity":28,"s:82:4:88:Infinity":29,"f:82:13:82:14":10,"s:83:6:87:Infinity":30,"f:83:15:83:16":11,"s:84:8:86:Infinity":31,"b:85:12:85:Infinity:86:12:86:Infinity":3,"s:90:4:95:Infinity":32,"s:91:6:91:Infinity":33,"s:94:6:94:Infinity":34,"f:101:17:101:34":12,"s:102:4:102:Infinity":35,"b:103:4:103:Infinity:undefined:undefined:undefined:undefined":4,"s:103:4:103:Infinity":36,"b:103:8:103:32:103:32:103:42":5,"s:103:42:103:Infinity":37,"s:105:4:105:Infinity":38,"s:106:4:115:Infinity":39,"s:107:19:107:Infinity":40,"s:108:6:108:Infinity":41,"f:108:15:108:16":13,"s:108:25:108:40":42,"s:109:6:109:Infinity":43,"s:110:6:110:Infinity":44,"s:112:6:112:Infinity":45,"b:112:38:112:52:112:52:112:75":6,"s:114:6:114:Infinity":46,"f:118:11:118:29":14,"s:119:4:119:Infinity":47,"f:119:13:119:14":15,"s:119:23:119:75":48,"f:119:32:119:33":16,"s:119:40:119:74":49,"b:119:62:119:72:119:72:119:74":7,"s:120:4:120:Infinity":50,"f:123:11:123:29":17,"s:124:4:124:Infinity":51,"f:124:13:124:14":18,"s:124:23:124:58":52,"f:124:35:124:36":19,"s:124:42:124:57":53,"s:125:4:125:Infinity":54,"b:128:2:134:Infinity:undefined:undefined:undefined:undefined":8,"s:128:2:134:Infinity":55,"s:129:4:132:Infinity":56,"b:136:2:150:Infinity:undefined:undefined:undefined:undefined":9,"s:136:2:150:Infinity":57,"s:137:4:148:Infinity":58,"s:152:2:222:Infinity":59,"f:166:19:166:25":20,"s:166:25:166:Infinity":60,"b:169:25:169:36:169:36:169:Infinity":10,"b:174:7:174:Infinity:175:8:194:Infinity":11,"f:182:22:182:23":21,"s:182:29:182:Infinity":61,"b:189:22:189:34:189:34:189:Infinity":12,"b:192:24:192:38:192:38:192:Infinity":13,"f:200:30:200:31":22,"s:201:12:206:Infinity":62,"b:212:7:212:Infinity:213:8:220:Infinity":14,"f:217:19:217:25":23,"s:217:25:217:Infinity":63}}}
,"C:\\Users\\kkraus\\source\\repos\\adelantestory\\Cx-Innovation-Hub-IF-Baseline\\concept\\apps\\web\\src\\components\\kanban\\Card.tsx": {"path":"C:\\Users\\kkraus\\source\\repos\\adelantestory\\Cx-Innovation-Hub-IF-Baseline\\concept\\apps\\web\\src\\components\\kanban\\Card.tsx","statementMap":{"0":{"start":{"line":19,"column":2},"end":{"line":56,"column":null}},"1":{"start":{"line":22,"column":8},"end":{"line":54,"column":null}},"2":{"start":{"line":26,"column":25},"end":{"line":26,"column":null}}},"fnMap":{"0":{"name":"Card","decl":{"start":{"line":18,"column":24},"end":{"line":18,"column":29}},"loc":{"start":{"line":18,"column":66},"end":{"line":58,"column":null}},"line":18},"1":{"name":"(anonymous_1)","decl":{"start":{"line":21,"column":7},"end":{"line":21,"column":8}},"loc":{"start":{"line":22,"column":8},"end":{"line":54,"column":null}},"line":22},"2":{"name":"(anonymous_2)","decl":{"start":{"line":26,"column":19},"end":{"line":26,"column":25}},"loc":{"start":{"line":26,"column":25},"end":{"line":26,"column":null}},"line":26}},"branchMap":{"0":{"loc":{"start":{"line":28,"column":12},"end":{"line":30,"column":null}},"type":"cond-expr","locations":[{"start":{"line":29,"column":16},"end":{"line":29,"column":null}},{"start":{"line":30,"column":16},"end":{"line":30,"column":null}}],"line":28},"1":{"loc":{"start":{"line":35,"column":11},"end":{"line":38,"column":null}},"type":"binary-expr","locations":[{"start":{"line":35,"column":11},"end":{"line":35,"column":null}},{"start":{"line":36,"column":12},"end":{"line":38,"column":null}}],"line":35},"2":{"loc":{"start":{"line":41,"column":11},"end":{"line":52,"column":null}},"type":"binary-expr","locations":[{"start":{"line":41,"column":11},"end":{"line":41,"column":null}},{"start":{"line":42,"column":12},"end":{"line":52,"column":null}}],"line":41},"3":{"loc":{"start":{"line":46,"column":35},"end":{"line":46,"column":null}},"type":"binary-expr","locations":[{"start":{"line":46,"column":35},"end":{"line":46,"column":70}},{"start":{"line":46,"column":70},"end":{"line":46,"column":null}}],"line":46}},"s":{"0":12,"1":12,"2":1},"f":{"0":12,"1":12,"2":1},"b":{"0":[0,12],"1":[12,8],"2":[12,5],"3":[5,0]},"meta":{"lastBranch":4,"lastFunction":3,"lastStatement":3,"seen":{"f:18:24:18:29":0,"s:19:2:56:Infinity":0,"f:21:7:21:8":1,"s:22:8:54:Infinity":1,"f:26:19:26:25":2,"s:26:25:26:Infinity":2,"b:29:16:29:Infinity:30:16:30:Infinity":0,"b:35:11:35:Infinity:36:12:38:Infinity":1,"b:41:11:41:Infinity:42:12:52:Infinity":2,"b:46:35:46:70:46:70:46:Infinity":3}}}
,"C:\\Users\\kkraus\\source\\repos\\adelantestory\\Cx-Innovation-Hub-IF-Baseline\\concept\\apps\\web\\src\\components\\kanban\\Column.tsx": {"path":"C:\\Users\\kkraus\\source\\repos\\adelantestory\\Cx-Innovation-Hub-IF-Baseline\\concept\\apps\\web\\src\\components\\kanban\\Column.tsx","statementMap":{"0":{"start":{"line":19,"column":50},"end":{"line":24,"column":null}},"1":{"start":{"line":26,"column":50},"end":{"line":31,"column":null}},"2":{"start":{"line":34,"column":2},"end":{"line":66,"column":null}},"3":{"start":{"line":47,"column":10},"end":{"line":63,"column":null}},"4":{"start":{"line":55,"column":14},"end":{"line":60,"column":null}}},"fnMap":{"0":{"name":"Column","decl":{"start":{"line":33,"column":24},"end":{"line":33,"column":31}},"loc":{"start":{"line":33,"column":76},"end":{"line":68,"column":null}},"line":33},"1":{"name":"(anonymous_1)","decl":{"start":{"line":46,"column":9},"end":{"line":46,"column":10}},"loc":{"start":{"line":47,"column":10},"end":{"line":63,"column":null}},"line":47},"2":{"name":"(anonymous_2)","decl":{"start":{"line":54,"column":23},"end":{"line":54,"column":24}},"loc":{"start":{"line":55,"column":14},"end":{"line":60,"column":null}},"line":55}},"branchMap":{"0":{"loc":{"start":{"line":51,"column":14},"end":{"line":51,"column":null}},"type":"cond-expr","locations":[{"start":{"line":51,"column":40},"end":{"line":51,"column":59}},{"start":{"line":51,"column":59},"end":{"line":51,"column":null}}],"line":51}},"s":{"0":1,"1":1,"2":5,"3":5,"4":6},"f":{"0":5,"1":5,"2":6},"b":{"0":[0,5]},"meta":{"lastBranch":1,"lastFunction":3,"lastStatement":5,"seen":{"s:19:50:24:Infinity":0,"s:26:50:31:Infinity":1,"f:33:24:33:31":0,"s:34:2:66:Infinity":2,"f:46:9:46:10":1,"s:47:10:63:Infinity":3,"b:51:40:51:59:51:59:51:Infinity":0,"f:54:23:54:24":2,"s:55:14:60:Infinity":4}}}
,"C:\\Users\\kkraus\\source\\repos\\adelantestory\\Cx-Innovation-Hub-IF-Baseline\\concept\\apps\\web\\src\\components\\kanban\\TaskDetail.tsx": {"path":"C:\\Users\\kkraus\\source\\repos\\adelantestory\\Cx-Innovation-Hub-IF-Baseline\\concept\\apps\\web\\src\\components\\kanban\\TaskDetail.tsx","statementMap":{"0":{"start":{"line":40,"column":30},"end":{"line":40,"column":null}},"1":{"start":{"line":41,"column":44},"end":{"line":41,"column":null}},"2":{"start":{"line":42,"column":28},"end":{"line":42,"column":null}},"3":{"start":{"line":43,"column":24},"end":{"line":43,"column":null}},"4":{"start":{"line":44,"column":36},"end":{"line":44,"column":null}},"5":{"start":{"line":46,"column":8},"end":{"line":52,"column":null}},"6":{"start":{"line":47,"column":4},"end":{"line":47,"column":null}},"7":{"start":{"line":48,"column":4},"end":{"line":51,"column":null}},"8":{"start":{"line":50,"column":29},"end":{"line":50,"column":83}},"9":{"start":{"line":51,"column":21},"end":{"line":51,"column":46}},"10":{"start":{"line":54,"column":2},"end":{"line":56,"column":null}},"11":{"start":{"line":55,"column":4},"end":{"line":55,"column":null}},"12":{"start":{"line":59,"column":4},"end":{"line":59,"column":null}},"13":{"start":{"line":59,"column":23},"end":{"line":59,"column":null}},"14":{"start":{"line":60,"column":20},"end":{"line":63,"column":null}},"15":{"start":{"line":64,"column":4},"end":{"line":64,"column":null}},"16":{"start":{"line":65,"column":4},"end":{"line":65,"column":null}},"17":{"start":{"line":69,"column":20},"end":{"line":69,"column":null}},"18":{"start":{"line":70,"column":4},"end":{"line":70,"column":null}},"19":{"start":{"line":74,"column":4},"end":{"line":74,"column":null}},"20":{"start":{"line":74,"column":69},"end":{"line":74,"column":null}},"21":{"start":{"line":75,"column":4},"end":{"line":75,"column":null}},"22":{"start":{"line":76,"column":4},"end":{"line":76,"column":null}},"23":{"start":{"line":77,"column":4},"end":{"line":77,"column":null}},"24":{"start":{"line":81,"column":20},"end":{"line":84,"column":null}},"25":{"start":{"line":85,"column":4},"end":{"line":85,"column":null}},"26":{"start":{"line":85,"column":26},"end":{"line":85,"column":44}},"27":{"start":{"line":89,"column":20},"end":{"line":89,"column":null}},"28":{"start":{"line":90,"column":4},"end":{"line":90,"column":null}},"29":{"start":{"line":90,"column":26},"end":{"line":90,"column":70}},"30":{"start":{"line":90,"column":43},"end":{"line":90,"column":69}},"31":{"start":{"line":94,"column":4},"end":{"line":94,"column":null}},"32":{"start":{"line":95,"column":4},"end":{"line":95,"column":null}},"33":{"start":{"line":95,"column":26},"end":{"line":95,"column":87}},"34":{"start":{"line":95,"column":45},"end":{"line":95,"column":86}},"35":{"start":{"line":98,"column":2},"end":{"line":227,"column":null}},"36":{"start":{"line":122,"column":33},"end":{"line":122,"column":null}},"37":{"start":{"line":128,"column":33},"end":{"line":128,"column":null}},"38":{"start":{"line":142,"column":20},"end":{"line":142,"column":null}},"39":{"start":{"line":143,"column":20},"end":{"line":143,"column":null}},"40":{"start":{"line":144,"column":20},"end":{"line":144,"column":null}},"41":{"start":{"line":156,"column":31},"end":{"line":156,"column":null}},"42":{"start":{"line":163,"column":33},"end":{"line":163,"column":null}},"43":{"start":{"line":170,"column":33},"end":{"line":170,"column":null}},"44":{"start":{"line":183,"column":31},"end":{"line":183,"column":null}},"45":{"start":{"line":188,"column":16},"end":{"line":190,"column":null}},"46":{"start":{"line":198,"column":29},"end":{"line":198,"column":null}}},"fnMap":{"0":{"name":"TaskDetail","decl":{"start":{"line":32,"column":24},"end":{"line":32,"column":35}},"loc":{"start":{"line":39,"column":20},"end":{"line":229,"column":null}},"line":39},"1":{"name":"(anonymous_1)","decl":{"start":{"line":46,"column":35},"end":{"line":46,"column":41}},"loc":{"start":{"line":46,"column":41},"end":{"line":52,"column":5}},"line":46},"2":{"name":"(anonymous_2)","decl":{"start":{"line":50,"column":13},"end":{"line":50,"column":14}},"loc":{"start":{"line":50,"column":29},"end":{"line":50,"column":83}},"line":50},"3":{"name":"(anonymous_3)","decl":{"start":{"line":51,"column":15},"end":{"line":51,"column":21}},"loc":{"start":{"line":51,"column":21},"end":{"line":51,"column":46}},"line":51},"4":{"name":"(anonymous_4)","decl":{"start":{"line":54,"column":12},"end":{"line":54,"column":18}},"loc":{"start":{"line":54,"column":18},"end":{"line":56,"column":5}},"line":54},"5":{"name":"handleSave","decl":{"start":{"line":58,"column":17},"end":{"line":58,"column":30}},"loc":{"start":{"line":58,"column":30},"end":{"line":66,"column":null}},"line":58},"6":{"name":"handleAssign","decl":{"start":{"line":68,"column":17},"end":{"line":68,"column":30}},"loc":{"start":{"line":68,"column":53},"end":{"line":71,"column":null}},"line":68},"7":{"name":"handleDelete","decl":{"start":{"line":73,"column":17},"end":{"line":73,"column":32}},"loc":{"start":{"line":73,"column":32},"end":{"line":78,"column":null}},"line":73},"8":{"name":"handleAddComment","decl":{"start":{"line":80,"column":17},"end":{"line":80,"column":34}},"loc":{"start":{"line":80,"column":77},"end":{"line":86,"column":null}},"line":80},"9":{"name":"(anonymous_9)","decl":{"start":{"line":85,"column":16},"end":{"line":85,"column":17}},"loc":{"start":{"line":85,"column":26},"end":{"line":85,"column":44}},"line":85},"10":{"name":"handleEditComment","decl":{"start":{"line":88,"column":17},"end":{"line":88,"column":35}},"loc":{"start":{"line":88,"column":64},"end":{"line":91,"column":null}},"line":88},"11":{"name":"(anonymous_11)","decl":{"start":{"line":90,"column":16},"end":{"line":90,"column":17}},"loc":{"start":{"line":90,"column":26},"end":{"line":90,"column":70}},"line":90},"12":{"name":"(anonymous_12)","decl":{"start":{"line":90,"column":35},"end":{"line":90,"column":36}},"loc":{"start":{"line":90,"column":43},"end":{"line":90,"column":69}},"line":90},"13":{"name":"handleDeleteComment","decl":{"start":{"line":93,"column":17},"end":{"line":93,"column":37}},"loc":{"start":{"line":93,"column":49},"end":{"line":96,"column":null}},"line":93},"14":{"name":"(anonymous_14)","decl":{"start":{"line":95,"column":16},"end":{"line":95,"column":17}},"loc":{"start":{"line":95,"column":26},"end":{"line":95,"column":87}},"line":95},"15":{"name":"(anonymous_15)","decl":{"start":{"line":95,"column":38},"end":{"line":95,"column":39}},"loc":{"start":{"line":95,"column":45},"end":{"line":95,"column":86}},"line":95},"16":{"name":"(anonymous_16)","decl":{"start":{"line":122,"column":26},"end":{"line":122,"column":27}},"loc":{"start":{"line":122,"column":33},"end":{"line":122,"column":null}},"line":122},"17":{"name":"(anonymous_17)","decl":{"start":{"line":128,"column":26},"end":{"line":128,"column":27}},"loc":{"start":{"line":128,"column":33},"end":{"line":128,"column":null}},"line":128},"18":{"name":"(anonymous_18)","decl":{"start":{"line":141,"column":27},"end":{"line":141,"column":33}},"loc":{"start":{"line":141,"column":33},"end":{"line":145,"column":null}},"line":141},"19":{"name":"(anonymous_19)","decl":{"start":{"line":156,"column":25},"end":{"line":156,"column":31}},"loc":{"start":{"line":156,"column":31},"end":{"line":156,"column":null}},"line":156},"20":{"name":"(anonymous_20)","decl":{"start":{"line":163,"column":27},"end":{"line":163,"column":33}},"loc":{"start":{"line":163,"column":33},"end":{"line":163,"column":null}},"line":163},"21":{"name":"(anonymous_21)","decl":{"start":{"line":170,"column":27},"end":{"line":170,"column":33}},"loc":{"start":{"line":170,"column":33},"end":{"line":170,"column":null}},"line":170},"22":{"name":"(anonymous_22)","decl":{"start":{"line":183,"column":24},"end":{"line":183,"column":25}},"loc":{"start":{"line":183,"column":31},"end":{"line":183,"column":null}},"line":183},"23":{"name":"(anonymous_23)","decl":{"start":{"line":187,"column":25},"end":{"line":187,"column":26}},"loc":{"start":{"line":188,"column":16},"end":{"line":190,"column":null}},"line":188},"24":{"name":"(anonymous_24)","decl":{"start":{"line":198,"column":23},"end":{"line":198,"column":29}},"loc":{"start":{"line":198,"column":29},"end":{"line":198,"column":null}},"line":198}},"branchMap":{"0":{"loc":{"start":{"line":44,"column":49},"end":{"line":44,"column":71}},"type":"binary-expr","locations":[{"start":{"line":44,"column":49},"end":{"line":44,"column":69}},{"start":{"line":44,"column":69},"end":{"line":44,"column":71}}],"line":44},"1":{"loc":{"start":{"line":59,"column":4},"end":{"line":59,"column":null}},"type":"if","locations":[{"start":{"line":59,"column":4},"end":{"line":59,"column":null}},{"start":{},"end":{}}],"line":59},"2":{"loc":{"start":{"line":62,"column":19},"end":{"line":62,"column":null}},"type":"binary-expr","locations":[{"start":{"line":62,"column":19},"end":{"line":62,"column":41}},{"start":{"line":62,"column":41},"end":{"line":62,"column":null}}],"line":62},"3":{"loc":{"start":{"line":74,"column":4},"end":{"line":74,"column":null}},"type":"if","locations":[{"start":{"line":74,"column":4},"end":{"line":74,"column":null}},{"start":{},"end":{}}],"line":74},"4":{"loc":{"start":{"line":90,"column":43},"end":{"line":90,"column":69}},"type":"cond-expr","locations":[{"start":{"line":90,"column":57},"end":{"line":90,"column":67}},{"start":{"line":90,"column":67},"end":{"line":90,"column":69}}],"line":90},"5":{"loc":{"start":{"line":95,"column":45},"end":{"line":95,"column":86}},"type":"binary-expr","locations":[{"start":{"line":95,"column":45},"end":{"line":95,"column":60}},{"start":{"line":95,"column":60},"end":{"line":95,"column":86}}],"line":95},"6":{"loc":{"start":{"line":117,"column":11},"end":{"line":175,"column":null}},"type":"cond-expr","locations":[{"start":{"line":118,"column":12},"end":{"line":151,"column":null}},{"start":{"line":153,"column":12},"end":{"line":175,"column":null}}],"line":117},"7":{"loc":{"start":{"line":144,"column":35},"end":{"line":144,"column":57}},"type":"binary-expr","locations":[{"start":{"line":144,"column":35},"end":{"line":144,"column":55}},{"start":{"line":144,"column":55},"end":{"line":144,"column":57}}],"line":144},"8":{"loc":{"start":{"line":160,"column":15},"end":{"line":173,"column":null}},"type":"cond-expr","locations":[{"start":{"line":161,"column":16},"end":{"line":166,"column":null}},{"start":{"line":168,"column":16},"end":{"line":173,"column":null}}],"line":160},"9":{"loc":{"start":{"line":182,"column":21},"end":{"line":182,"column":null}},"type":"binary-expr","locations":[{"start":{"line":182,"column":21},"end":{"line":182,"column":46}},{"start":{"line":182,"column":46},"end":{"line":182,"column":null}}],"line":182},"10":{"loc":{"start":{"line":183,"column":44},"end":{"line":183,"column":66}},"type":"binary-expr","locations":[{"start":{"line":183,"column":44},"end":{"line":183,"column":62}},{"start":{"line":183,"column":62},"end":{"line":183,"column":66}}],"line":183},"11":{"loc":{"start":{"line":213,"column":13},"end":{"line":222,"column":null}},"type":"cond-expr","locations":[{"start":{"line":214,"column":14},"end":{"line":214,"column":null}},{"start":{"line":216,"column":14},"end":{"line":222,"column":null}}],"line":213}},"s":{"0":69,"1":69,"2":69,"3":69,"4":69,"5":69,"6":6,"7":6,"8":0,"9":5,"10":69,"11":6,"12":1,"13":0,"14":1,"15":1,"16":1,"17":1,"18":1,"19":1,"20":0,"21":1,"22":1,"23":1,"24":1,"25":1,"26":1,"27":1,"28":1,"29":1,"30":3,"31":1,"32":1,"33":1,"34":3,"35":69,"36":23,"37":24,"38":0,"39":0,"40":0,"41":0,"42":0,"43":0,"44":1,"45":138,"46":1},"f":{"0":69,"1":6,"2":0,"3":5,"4":6,"5":1,"6":1,"7":1,"8":1,"9":1,"10":1,"11":1,"12":3,"13":1,"14":1,"15":3,"16":23,"17":24,"18":0,"19":0,"20":0,"21":0,"22":1,"23":138,"24":1},"b":{"0":[69,0],"1":[0,1],"2":[1,0],"3":[0,1],"4":[1,2],"5":[3,2],"6":[48,21],"7":[0,0],"8":[21,0],"9":[69,69],"10":[1,0],"11":[9,60]},"meta":{"lastBranch":12,"lastFunction":25,"lastStatement":47,"seen":{"f:32:24:32:35":0,"s:40:30:40:Infinity":0,"s:41:44:41:Infinity":1,"s:42:28:42:Infinity":2,"s:43:24:43:Infinity":3,"s:44:36:44:Infinity":4,"b:44:49:44:69:44:69:44:71":0,"s:46:8:52:Infinity":5,"f:46:35:46:41":1,"s:47:4:47:Infinity":6,"s:48:4:51:Infinity":7,"f:50:13:50:14":2,"s:50:29:50:83":8,"f:51:15:51:21":3,"s:51:21:51:46":9,"s:54:2:56:Infinity":10,"f:54:12:54:18":4,"s:55:4:55:Infinity":11,"f:58:17:58:30":5,"b:59:4:59:Infinity:undefined:undefined:undefined:undefined":1,"s:59:4:59:Infinity":12,"s:59:23:59:Infinity":13,"s:60:20:63:Infinity":14,"b:62:19:62:41:62:41:62:Infinity":2,"s:64:4:64:Infinity":15,"s:65:4:65:Infinity":16,"f:68:17:68:30":6,"s:69:20:69:Infinity":17,"s:70:4:70:Infinity":18,"f:73:17:73:32":7,"b:74:4:74:Infinity:undefined:undefined:undefined:undefined":3,"s:74:4:74:Infinity":19,"s:74:69:74:Infinity":20,"s:75:4:75:Infinity":21,"s:76:4:76:Infinity":22,"s:77:4:77:Infinity":23,"f:80:17:80:34":8,"s:81:20:84:Infinity":24,"s:85:4:85:Infinity":25,"f:85:16:85:17":9,"s:85:26:85:44":26,"f:88:17:88:35":10,"s:89:20:89:Infinity":27,"s:90:4:90:Infinity":28,"f:90:16:90:17":11,"s:90:26:90:70":29,"f:90:35:90:36":12,"s:90:43:90:69":30,"b:90:57:90:67:90:67:90:69":4,"f:93:17:93:37":13,"s:94:4:94:Infinity":31,"s:95:4:95:Infinity":32,"f:95:16:95:17":14,"s:95:26:95:87":33,"f:95:38:95:39":15,"s:95:45:95:86":34,"b:95:45:95:60:95:60:95:86":5,"s:98:2:227:Infinity":35,"b:118:12:151:Infinity:153:12:175:Infinity":6,"f:122:26:122:27":16,"s:122:33:122:Infinity":36,"f:128:26:128:27":17,"s:128:33:128:Infinity":37,"f:141:27:141:33":18,"s:142:20:142:Infinity":38,"s:143:20:143:Infinity":39,"s:144:20:144:Infinity":40,"b:144:35:144:55:144:55:144:57":7,"f:156:25:156:31":19,"s:156:31:156:Infinity":41,"b:161:16:166:Infinity:168:16:173:Infinity":8,"f:163:27:163:33":20,"s:163:33:163:Infinity":42,"f:170:27:170:33":21,"s:170:33:170:Infinity":43,"b:182:21:182:46:182:46:182:Infinity":9,"f:183:24:183:25":22,"s:183:31:183:Infinity":44,"b:183:44:183:62:183:62:183:66":10,"f:187:25:187:26":23,"s:188:16:190:Infinity":45,"f:198:23:198:29":24,"s:198:29:198:Infinity":46,"b:214:14:214:Infinity:216:14:222:Infinity":11}}}
,"C:\\Users\\kkraus\\source\\repos\\adelantestory\\Cx-Innovation-Hub-IF-Baseline\\concept\\apps\\web\\src\\components\\layout\\Header.tsx": {"path":"C:\\Users\\kkraus\\source\\repos\\adelantestory\\Cx-Innovation-Hub-IF-Baseline\\concept\\apps\\web\\src\\components\\layout\\Header.tsx","statementMap":{"0":{"start":{"line":17,"column":2},"end":{"line":45,"column":null}}},"fnMap":{"0":{"name":"Header","decl":{"start":{"line":16,"column":24},"end":{"line":16,"column":31}},"loc":{"start":{"line":16,"column":84},"end":{"line":47,"column":null}},"line":16}},"branchMap":{},"s":{"0":4},"f":{"0":4},"b":{},"meta":{"lastBranch":0,"lastFunction":1,"lastStatement":1,"seen":{"f:16:24:16:31":0,"s:17:2:45:Infinity":0}}}
,"C:\\Users\\kkraus\\source\\repos\\adelantestory\\Cx-Innovation-Hub-IF-Baseline\\concept\\apps\\web\\src\\components\\projects\\ProjectList.tsx": {"path":"C:\\Users\\kkraus\\source\\repos\\adelantestory\\Cx-Innovation-Hub-IF-Baseline\\concept\\apps\\web\\src\\components\\projects\\ProjectList.tsx","statementMap":{"0":{"start":{"line":17,"column":30},"end":{"line":17,"column":null}},"1":{"start":{"line":18,"column":28},"end":{"line":18,"column":null}},"2":{"start":{"line":19,"column":24},"end":{"line":19,"column":null}},"3":{"start":{"line":20,"column":30},"end":{"line":20,"column":null}},"4":{"start":{"line":21,"column":28},"end":{"line":21,"column":null}},"5":{"start":{"line":22,"column":28},"end":{"line":22,"column":null}},"6":{"start":{"line":23,"column":30},"end":{"line":23,"column":null}},"7":{"start":{"line":25,"column":2},"end":{"line":27,"column":null}},"8":{"start":{"line":26,"column":4},"end":{"line":26,"column":null}},"9":{"start":{"line":30,"column":4},"end":{"line":30,"column":null}},"10":{"start":{"line":31,"column":4},"end":{"line":34,"column":null}},"11":{"start":{"line":33,"column":29},"end":{"line":33,"column":50}},"12":{"start":{"line":34,"column":21},"end":{"line":34,"column":38}},"13":{"start":{"line":38,"column":4},"end":{"line":38,"column":null}},"14":{"start":{"line":39,"column":4},"end":{"line":39,"column":null}},"15":{"start":{"line":39,"column":25},"end":{"line":39,"column":null}},"16":{"start":{"line":41,"column":4},"end":{"line":41,"column":null}},"17":{"start":{"line":42,"column":4},"end":{"line":55,"column":null}},"18":{"start":{"line":43,"column":22},"end":{"line":46,"column":null}},"19":{"start":{"line":47,"column":6},"end":{"line":47,"column":null}},"20":{"start":{"line":47,"column":28},"end":{"line":47,"column":83}},"21":{"start":{"line":48,"column":6},"end":{"line":48,"column":null}},"22":{"start":{"line":49,"column":6},"end":{"line":49,"column":null}},"23":{"start":{"line":50,"column":6},"end":{"line":50,"column":null}},"24":{"start":{"line":52,"column":6},"end":{"line":52,"column":null}},"25":{"start":{"line":54,"column":6},"end":{"line":54,"column":null}},"26":{"start":{"line":58,"column":2},"end":{"line":64,"column":null}},"27":{"start":{"line":59,"column":4},"end":{"line":62,"column":null}},"28":{"start":{"line":66,"column":2},"end":{"line":80,"column":null}},"29":{"start":{"line":67,"column":4},"end":{"line":78,"column":null}},"30":{"start":{"line":82,"column":2},"end":{"line":151,"column":null}},"31":{"start":{"line":87,"column":25},"end":{"line":87,"column":null}},"32":{"start":{"line":103,"column":29},"end":{"line":103,"column":null}},"33":{"start":{"line":110,"column":29},"end":{"line":110,"column":null}},"34":{"start":{"line":126,"column":10},"end":{"line":142,"column":null}},"35":{"start":{"line":128,"column":27},"end":{"line":128,"column":null}}},"fnMap":{"0":{"name":"ProjectList","decl":{"start":{"line":16,"column":24},"end":{"line":16,"column":36}},"loc":{"start":{"line":16,"column":75},"end":{"line":153,"column":null}},"line":16},"1":{"name":"(anonymous_1)","decl":{"start":{"line":25,"column":12},"end":{"line":25,"column":18}},"loc":{"start":{"line":25,"column":18},"end":{"line":27,"column":5}},"line":25},"2":{"name":"loadProjects","decl":{"start":{"line":29,"column":11},"end":{"line":29,"column":26}},"loc":{"start":{"line":29,"column":26},"end":{"line":35,"column":null}},"line":29},"3":{"name":"(anonymous_3)","decl":{"start":{"line":33,"column":13},"end":{"line":33,"column":14}},"loc":{"start":{"line":33,"column":29},"end":{"line":33,"column":50}},"line":33},"4":{"name":"(anonymous_4)","decl":{"start":{"line":34,"column":15},"end":{"line":34,"column":21}},"loc":{"start":{"line":34,"column":21},"end":{"line":34,"column":38}},"line":34},"5":{"name":"handleCreate","decl":{"start":{"line":37,"column":17},"end":{"line":37,"column":30}},"loc":{"start":{"line":37,"column":50},"end":{"line":56,"column":null}},"line":37},"6":{"name":"(anonymous_6)","decl":{"start":{"line":47,"column":18},"end":{"line":47,"column":19}},"loc":{"start":{"line":47,"column":28},"end":{"line":47,"column":83}},"line":47},"7":{"name":"(anonymous_7)","decl":{"start":{"line":87,"column":19},"end":{"line":87,"column":25}},"loc":{"start":{"line":87,"column":25},"end":{"line":87,"column":null}},"line":87},"8":{"name":"(anonymous_8)","decl":{"start":{"line":103,"column":22},"end":{"line":103,"column":23}},"loc":{"start":{"line":103,"column":29},"end":{"line":103,"column":null}},"line":103},"9":{"name":"(anonymous_9)","decl":{"start":{"line":110,"column":22},"end":{"line":110,"column":23}},"loc":{"start":{"line":110,"column":29},"end":{"line":110,"column":null}},"line":110},"10":{"name":"(anonymous_10)","decl":{"start":{"line":125,"column":22},"end":{"line":125,"column":23}},"loc":{"start":{"line":126,"column":10},"end":{"line":142,"column":null}},"line":126},"11":{"name":"(anonymous_11)","decl":{"start":{"line":128,"column":21},"end":{"line":128,"column":27}},"loc":{"start":{"line":128,"column":27},"end":{"line":128,"column":null}},"line":128}},"branchMap":{"0":{"loc":{"start":{"line":39,"column":4},"end":{"line":39,"column":null}},"type":"if","locations":[{"start":{"line":39,"column":4},"end":{"line":39,"column":null}},{"start":{},"end":{}}],"line":39},"1":{"loc":{"start":{"line":45,"column":21},"end":{"line":45,"column":null}},"type":"binary-expr","locations":[{"start":{"line":45,"column":21},"end":{"line":45,"column":39}},{"start":{"line":45,"column":39},"end":{"line":45,"column":null}}],"line":45},"2":{"loc":{"start":{"line":52,"column":15},"end":{"line":52,"column":78}},"type":"cond-expr","locations":[{"start":{"line":52,"column":38},"end":{"line":52,"column":52}},{"start":{"line":52,"column":52},"end":{"line":52,"column":78}}],"line":52},"3":{"loc":{"start":{"line":58,"column":2},"end":{"line":64,"column":null}},"type":"if","locations":[{"start":{"line":58,"column":2},"end":{"line":64,"column":null}},{"start":{},"end":{}}],"line":58},"4":{"loc":{"start":{"line":66,"column":2},"end":{"line":80,"column":null}},"type":"if","locations":[{"start":{"line":66,"column":2},"end":{"line":80,"column":null}},{"start":{},"end":{}}],"line":66},"5":{"loc":{"start":{"line":90,"column":11},"end":{"line":90,"column":null}},"type":"cond-expr","locations":[{"start":{"line":90,"column":22},"end":{"line":90,"column":33}},{"start":{"line":90,"column":33},"end":{"line":90,"column":null}}],"line":90},"6":{"loc":{"start":{"line":94,"column":7},"end":{"line":121,"column":null}},"type":"binary-expr","locations":[{"start":{"line":94,"column":7},"end":{"line":94,"column":null}},{"start":{"line":95,"column":8},"end":{"line":121,"column":null}}],"line":94},"7":{"loc":{"start":{"line":116,"column":22},"end":{"line":116,"column":null}},"type":"binary-expr","locations":[{"start":{"line":116,"column":22},"end":{"line":116,"column":34}},{"start":{"line":116,"column":34},"end":{"line":116,"column":null}}],"line":116},"8":{"loc":{"start":{"line":119,"column":13},"end":{"line":119,"column":null}},"type":"cond-expr","locations":[{"start":{"line":119,"column":24},"end":{"line":119,"column":40}},{"start":{"line":119,"column":40},"end":{"line":119,"column":null}}],"line":119},"9":{"loc":{"start":{"line":132,"column":13},"end":{"line":135,"column":null}},"type":"binary-expr","locations":[{"start":{"line":132,"column":13},"end":{"line":132,"column":null}},{"start":{"line":133,"column":14},"end":{"line":135,"column":null}}],"line":132},"10":{"loc":{"start":{"line":146,"column":7},"end":{"line":149,"column":null}},"type":"binary-expr","locations":[{"start":{"line":146,"column":7},"end":{"line":146,"column":null}},{"start":{"line":147,"column":8},"end":{"line":149,"column":null}}],"line":146}},"s":{"0":19,"1":19,"2":19,"3":19,"4":19,"5":19,"6":19,"7":19,"8":6,"9":6,"10":6,"11":0,"12":6,"13":0,"14":0,"15":0,"16":0,"17":0,"18":0,"19":0,"20":0,"21":0,"22":0,"23":0,"24":0,"25":0,"26":19,"27":9,"28":9,"29":0,"30":9,"31":1,"32":0,"33":0,"34":7,"35":1},"f":{"0":19,"1":6,"2":6,"3":0,"4":6,"5":0,"6":0,"7":1,"8":0,"9":0,"10":7,"11":1},"b":{"0":[0,0],"1":[0,0],"2":[0,0],"3":[9,10],"4":[0,9],"5":[1,8],"6":[19,1],"7":[1,1],"8":[0,1],"9":[7,7],"10":[19,2]},"meta":{"lastBranch":11,"lastFunction":12,"lastStatement":36,"seen":{"f:16:24:16:36":0,"s:17:30:17:Infinity":0,"s:18:28:18:Infinity":1,"s:19:24:19:Infinity":2,"s:20:30:20:Infinity":3,"s:21:28:21:Infinity":4,"s:22:28:22:Infinity":5,"s:23:30:23:Infinity":6,"s:25:2:27:Infinity":7,"f:25:12:25:18":1,"s:26:4:26:Infinity":8,"f:29:11:29:26":2,"s:30:4:30:Infinity":9,"s:31:4:34:Infinity":10,"f:33:13:33:14":3,"s:33:29:33:50":11,"f:34:15:34:21":4,"s:34:21:34:38":12,"f:37:17:37:30":5,"s:38:4:38:Infinity":13,"b:39:4:39:Infinity:undefined:undefined:undefined:undefined":0,"s:39:4:39:Infinity":14,"s:39:25:39:Infinity":15,"s:41:4:41:Infinity":16,"s:42:4:55:Infinity":17,"s:43:22:46:Infinity":18,"b:45:21:45:39:45:39:45:Infinity":1,"s:47:6:47:Infinity":19,"f:47:18:47:19":6,"s:47:28:47:83":20,"s:48:6:48:Infinity":21,"s:49:6:49:Infinity":22,"s:50:6:50:Infinity":23,"s:52:6:52:Infinity":24,"b:52:38:52:52:52:52:52:78":2,"s:54:6:54:Infinity":25,"b:58:2:64:Infinity:undefined:undefined:undefined:undefined":3,"s:58:2:64:Infinity":26,"s:59:4:62:Infinity":27,"b:66:2:80:Infinity:undefined:undefined:undefined:undefined":4,"s:66:2:80:Infinity":28,"s:67:4:78:Infinity":29,"s:82:2:151:Infinity":30,"f:87:19:87:25":7,"s:87:25:87:Infinity":31,"b:90:22:90:33:90:33:90:Infinity":5,"b:94:7:94:Infinity:95:8:121:Infinity":6,"f:103:22:103:23":8,"s:103:29:103:Infinity":32,"f:110:22:110:23":9,"s:110:29:110:Infinity":33,"b:116:22:116:34:116:34:116:Infinity":7,"b:119:24:119:40:119:40:119:Infinity":8,"f:125:22:125:23":10,"s:126:10:142:Infinity":34,"f:128:21:128:27":11,"s:128:27:128:Infinity":35,"b:132:13:132:Infinity:133:14:135:Infinity":9,"b:146:7:146:Infinity:147:8:149:Infinity":10}}}
,"C:\\Users\\kkraus\\source\\repos\\adelantestory\\Cx-Innovation-Hub-IF-Baseline\\concept\\apps\\web\\src\\components\\users\\UserSelect.tsx": {"path":"C:\\Users\\kkraus\\source\\repos\\adelantestory\\Cx-Innovation-Hub-IF-Baseline\\concept\\apps\\web\\src\\components\\users\\UserSelect.tsx","statementMap":{"0":{"start":{"line":17,"column":24},"end":{"line":17,"column":null}},"1":{"start":{"line":18,"column":28},"end":{"line":18,"column":null}},"2":{"start":{"line":19,"column":24},"end":{"line":19,"column":null}},"3":{"start":{"line":21,"column":2},"end":{"line":26,"column":null}},"4":{"start":{"line":22,"column":4},"end":{"line":25,"column":null}},"5":{"start":{"line":24,"column":29},"end":{"line":24,"column":50}},"6":{"start":{"line":25,"column":21},"end":{"line":25,"column":38}},"7":{"start":{"line":28,"column":2},"end":{"line":34,"column":null}},"8":{"start":{"line":29,"column":4},"end":{"line":32,"column":null}},"9":{"start":{"line":36,"column":2},"end":{"line":50,"column":null}},"10":{"start":{"line":37,"column":4},"end":{"line":48,"column":null}},"11":{"start":{"line":42,"column":27},"end":{"line":42,"column":null}},"12":{"start":{"line":52,"column":2},"end":{"line":85,"column":null}},"13":{"start":{"line":62,"column":12},"end":{"line":81,"column":null}},"14":{"start":{"line":64,"column":29},"end":{"line":64,"column":null}}},"fnMap":{"0":{"name":"UserSelect","decl":{"start":{"line":16,"column":24},"end":{"line":16,"column":35}},"loc":{"start":{"line":16,"column":70},"end":{"line":87,"column":null}},"line":16},"1":{"name":"(anonymous_1)","decl":{"start":{"line":21,"column":12},"end":{"line":21,"column":18}},"loc":{"start":{"line":21,"column":18},"end":{"line":26,"column":5}},"line":21},"2":{"name":"(anonymous_2)","decl":{"start":{"line":24,"column":13},"end":{"line":24,"column":14}},"loc":{"start":{"line":24,"column":29},"end":{"line":24,"column":50}},"line":24},"3":{"name":"(anonymous_3)","decl":{"start":{"line":25,"column":15},"end":{"line":25,"column":21}},"loc":{"start":{"line":25,"column":21},"end":{"line":25,"column":38}},"line":25},"4":{"name":"(anonymous_4)","decl":{"start":{"line":42,"column":21},"end":{"line":42,"column":27}},"loc":{"start":{"line":42,"column":27},"end":{"line":42,"column":null}},"line":42},"5":{"name":"(anonymous_5)","decl":{"start":{"line":61,"column":21},"end":{"line":61,"column":22}},"loc":{"start":{"line":62,"column":12},"end":{"line":81,"column":null}},"line":62},"6":{"name":"(anonymous_6)","decl":{"start":{"line":64,"column":23},"end":{"line":64,"column":29}},"loc":{"start":{"line":64,"column":29},"end":{"line":64,"column":null}},"line":64}},"branchMap":{"0":{"loc":{"start":{"line":28,"column":2},"end":{"line":34,"column":null}},"type":"if","locations":[{"start":{"line":28,"column":2},"end":{"line":34,"column":null}},{"start":{},"end":{}}],"line":28},"1":{"loc":{"start":{"line":36,"column":2},"end":{"line":50,"column":null}},"type":"if","locations":[{"start":{"line":36,"column":2},"end":{"line":50,"column":null}},{"start":{},"end":{}}],"line":36}},"s":{"0":12,"1":12,"2":12,"3":12,"4":5,"5":2,"6":5,"7":12,"8":7,"9":4,"10":2,"11":0,"12":2,"13":4,"14":1},"f":{"0":12,"1":5,"2":2,"3":5,"4":0,"5":4,"6":1},"b":{"0":[7,5],"1":[2,2]},"meta":{"lastBranch":2,"lastFunction":7,"lastStatement":15,"seen":{"f:16:24:16:35":0,"s:17:24:17:Infinity":0,"s:18:28:18:Infinity":1,"s:19:24:19:Infinity":2,"s:21:2:26:Infinity":3,"f:21:12:21:18":1,"s:22:4:25:Infinity":4,"f:24:13:24:14":2,"s:24:29:24:50":5,"f:25:15:25:21":3,"s:25:21:25:38":6,"b:28:2:34:Infinity:undefined:undefined:undefined:undefined":0,"s:28:2:34:Infinity":7,"s:29:4:32:Infinity":8,"b:36:2:50:Infinity:undefined:undefined:undefined:undefined":1,"s:36:2:50:Infinity":9,"s:37:4:48:Infinity":10,"f:42:21:42:27":4,"s:42:27:42:Infinity":11,"s:52:2:85:Infinity":12,"f:61:21:61:22":5,"s:62:12:81:Infinity":13,"f:64:23:64:29":6,"s:64:29:64:Infinity":14}}}
,"C:\\Users\\kkraus\\source\\repos\\adelantestory\\Cx-Innovation-Hub-IF-Baseline\\concept\\apps\\web\\src\\test\\mock-api.ts": {"path":"C:\\Users\\kkraus\\source\\repos\\adelantestory\\Cx-Innovation-Hub-IF-Baseline\\concept\\apps\\web\\src\\test\\mock-api.ts","statementMap":{"0":{"start":{"line":9,"column":33},"end":{"line":24,"column":null}},"1":{"start":{"line":26,"column":39},"end":{"line":36,"column":null}},"2":{"start":{"line":38,"column":33},"end":{"line":65,"column":null}},"3":{"start":{"line":67,"column":39},"end":{"line":79,"column":null}},"4":{"start":{"line":87,"column":2},"end":{"line":102,"column":null}}},"fnMap":{"0":{"name":"createMockApi","decl":{"start":{"line":86,"column":16},"end":{"line":86,"column":32}},"loc":{"start":{"line":86,"column":32},"end":{"line":103,"column":null}},"line":86}},"branchMap":{},"s":{"0":4,"1":4,"2":4,"3":4,"4":0},"f":{"0":0},"b":{},"meta":{"lastBranch":0,"lastFunction":1,"lastStatement":5,"seen":{"s:9:33:24:Infinity":0,"s:26:39:36:Infinity":1,"s:38:33:65:Infinity":2,"s:67:39:79:Infinity":3,"f:86:16:86:32":0,"s:87:2:102:Infinity":4}}}
,"C:\\Users\\kkraus\\source\\repos\\adelantestory\\Cx-Innovation-Hub-IF-Baseline\\concept\\apps\\web\\src\\test\\test-utils.tsx": {"path":"C:\\Users\\kkraus\\source\\repos\\adelantestory\\Cx-Innovation-Hub-IF-Baseline\\concept\\apps\\web\\src\\test\\test-utils.tsx","statementMap":{"0":{"start":{"line":24,"column":0},"end":{"line":24,"column":null}},"1":{"start":{"line":13,"column":18},"end":{"line":15,"column":null}},"2":{"start":{"line":14,"column":4},"end":{"line":14,"column":null}},"3":{"start":{"line":17,"column":2},"end":{"line":20,"column":null}}},"fnMap":{"0":{"name":"customRender","decl":{"start":{"line":9,"column":9},"end":{"line":9,"column":null}},"loc":{"start":{"line":12,"column":2},"end":{"line":21,"column":null}},"line":12},"1":{"name":"(anonymous_1)","decl":{"start":{"line":13,"column":18},"end":{"line":13,"column":19}},"loc":{"start":{"line":13,"column":67},"end":{"line":15,"column":null}},"line":13}},"branchMap":{},"s":{"0":10,"1":54,"2":56,"3":54},"f":{"0":54,"1":56},"b":{},"meta":{"lastBranch":0,"lastFunction":2,"lastStatement":4,"seen":{"s:24:0:24:Infinity":0,"f:9:9:9:Infinity":0,"s:13:18:15:Infinity":1,"f:13:18:13:19":1,"s:14:4:14:Infinity":2,"s:17:2:20:Infinity":3}}}
}
